
================================================================================
API ERROR
Model: shisa-ai/shisa-v2-unphi4-14b-denoted-W8A8-INT8
Error: Connection error.
Error type: APIConnectionError
Prompt (first 200 chars): 5文以上の文章で、ハリーポッターシリーズにおける魔法の教育システムについて説明してください。
Full traceback:
Traceback (most recent call last):
  File "/home/gradientascent/miniforge3/envs/M-IFEval/lib/python3.11/site-packages/httpx/_transports/default.py", line 101, in map_httpcore_exceptions
    yield
  File "/home/gradientascent/miniforge3/envs/M-IFEval/lib/python3.11/site-packages/httpx/_transports/default.py", line 250, in handle_request
    resp = self._pool.handle_request(req)
           ^^^^^^^^^^^^^^^^^^^^^^^^^^^^^^
  File "/home/gradientascent/miniforge3/envs/M-IFEval/lib/python3.11/site-packages/httpcore/_sync/connection_pool.py", line 256, in handle_request
    raise exc from None
  File "/home/gradientascent/miniforge3/envs/M-IFEval/lib/python3.11/site-packages/httpcore/_sync/connection_pool.py", line 236, in handle_request
    response = connection.handle_request(
               ^^^^^^^^^^^^^^^^^^^^^^^^^^
  File "/home/gradientascent/miniforge3/envs/M-IFEval/lib/python3.11/site-packages/httpcore/_sync/connection.py", line 101, in handle_request
    raise exc
  File "/home/gradientascent/miniforge3/envs/M-IFEval/lib/python3.11/site-packages/httpcore/_sync/connection.py", line 78, in handle_request
    stream = self._connect(request)
             ^^^^^^^^^^^^^^^^^^^^^^
  File "/home/gradientascent/miniforge3/envs/M-IFEval/lib/python3.11/site-packages/httpcore/_sync/connection.py", line 124, in _connect
    stream = self._network_backend.connect_tcp(**kwargs)
             ^^^^^^^^^^^^^^^^^^^^^^^^^^^^^^^^^^^^^^^^^^^
  File "/home/gradientascent/miniforge3/envs/M-IFEval/lib/python3.11/site-packages/httpcore/_backends/sync.py", line 207, in connect_tcp
    with map_exceptions(exc_map):
  File "/home/gradientascent/miniforge3/envs/M-IFEval/lib/python3.11/contextlib.py", line 158, in __exit__
    self.gen.throw(typ, value, traceback)
  File "/home/gradientascent/miniforge3/envs/M-IFEval/lib/python3.11/site-packages/httpcore/_exceptions.py", line 14, in map_exceptions
    raise to_exc(exc) from exc
httpcore.ConnectError: [Errno 111] Connection refused

The above exception was the direct cause of the following exception:

Traceback (most recent call last):
  File "/home/gradientascent/miniforge3/envs/M-IFEval/lib/python3.11/site-packages/openai/_base_client.py", line 996, in _request
    response = self._client.send(
               ^^^^^^^^^^^^^^^^^^
  File "/home/gradientascent/miniforge3/envs/M-IFEval/lib/python3.11/site-packages/httpx/_client.py", line 914, in send
    response = self._send_handling_auth(
               ^^^^^^^^^^^^^^^^^^^^^^^^^
  File "/home/gradientascent/miniforge3/envs/M-IFEval/lib/python3.11/site-packages/httpx/_client.py", line 942, in _send_handling_auth
    response = self._send_handling_redirects(
               ^^^^^^^^^^^^^^^^^^^^^^^^^^^^^^
  File "/home/gradientascent/miniforge3/envs/M-IFEval/lib/python3.11/site-packages/httpx/_client.py", line 979, in _send_handling_redirects
    response = self._send_single_request(request)
               ^^^^^^^^^^^^^^^^^^^^^^^^^^^^^^^^^^
  File "/home/gradientascent/miniforge3/envs/M-IFEval/lib/python3.11/site-packages/httpx/_client.py", line 1014, in _send_single_request
    response = transport.handle_request(request)
               ^^^^^^^^^^^^^^^^^^^^^^^^^^^^^^^^^
  File "/home/gradientascent/miniforge3/envs/M-IFEval/lib/python3.11/site-packages/httpx/_transports/default.py", line 249, in handle_request
    with map_httpcore_exceptions():
  File "/home/gradientascent/miniforge3/envs/M-IFEval/lib/python3.11/contextlib.py", line 158, in __exit__
    self.gen.throw(typ, value, traceback)
  File "/home/gradientascent/miniforge3/envs/M-IFEval/lib/python3.11/site-packages/httpx/_transports/default.py", line 118, in map_httpcore_exceptions
    raise mapped_exc(message) from exc
httpx.ConnectError: [Errno 111] Connection refused

The above exception was the direct cause of the following exception:

Traceback (most recent call last):
  File "/home/gradientascent/aiprojects/M-IFEval/get_responses.py", line 207, in get_single_response
    response = self.openai_client.chat.completions.create(**kwargs)
               ^^^^^^^^^^^^^^^^^^^^^^^^^^^^^^^^^^^^^^^^^^^^^^^^^^^^
  File "/home/gradientascent/miniforge3/envs/M-IFEval/lib/python3.11/site-packages/openai/_utils/_utils.py", line 279, in wrapper
    return func(*args, **kwargs)
           ^^^^^^^^^^^^^^^^^^^^^
  File "/home/gradientascent/miniforge3/envs/M-IFEval/lib/python3.11/site-packages/openai/resources/chat/completions.py", line 863, in create
    return self._post(
           ^^^^^^^^^^^
  File "/home/gradientascent/miniforge3/envs/M-IFEval/lib/python3.11/site-packages/openai/_base_client.py", line 1283, in post
    return cast(ResponseT, self.request(cast_to, opts, stream=stream, stream_cls=stream_cls))
                           ^^^^^^^^^^^^^^^^^^^^^^^^^^^^^^^^^^^^^^^^^^^^^^^^^^^^^^^^^^^^^^^^^
  File "/home/gradientascent/miniforge3/envs/M-IFEval/lib/python3.11/site-packages/openai/_base_client.py", line 960, in request
    return self._request(
           ^^^^^^^^^^^^^^
  File "/home/gradientascent/miniforge3/envs/M-IFEval/lib/python3.11/site-packages/openai/_base_client.py", line 1020, in _request
    return self._retry_request(
           ^^^^^^^^^^^^^^^^^^^^
  File "/home/gradientascent/miniforge3/envs/M-IFEval/lib/python3.11/site-packages/openai/_base_client.py", line 1098, in _retry_request
    return self._request(
           ^^^^^^^^^^^^^^
  File "/home/gradientascent/miniforge3/envs/M-IFEval/lib/python3.11/site-packages/openai/_base_client.py", line 1020, in _request
    return self._retry_request(
           ^^^^^^^^^^^^^^^^^^^^
  File "/home/gradientascent/miniforge3/envs/M-IFEval/lib/python3.11/site-packages/openai/_base_client.py", line 1098, in _retry_request
    return self._request(
           ^^^^^^^^^^^^^^
  File "/home/gradientascent/miniforge3/envs/M-IFEval/lib/python3.11/site-packages/openai/_base_client.py", line 1030, in _request
    raise APIConnectionError(request=request) from err
openai.APIConnectionError: Connection error.
================================================================================

================================================================================
API ERROR
Model: shisa-ai/shisa-v2-unphi4-14b-denoted-W8A8-INT8
Error: Connection error.
Error type: APIConnectionError
Prompt (first 200 chars): フィンランド語で説明してください。スウェーデンの教育システムの特徴について詳しく述べてください。
Full traceback:
Traceback (most recent call last):
  File "/home/gradientascent/miniforge3/envs/M-IFEval/lib/python3.11/site-packages/httpx/_transports/default.py", line 101, in map_httpcore_exceptions
    yield
  File "/home/gradientascent/miniforge3/envs/M-IFEval/lib/python3.11/site-packages/httpx/_transports/default.py", line 250, in handle_request
    resp = self._pool.handle_request(req)
           ^^^^^^^^^^^^^^^^^^^^^^^^^^^^^^
  File "/home/gradientascent/miniforge3/envs/M-IFEval/lib/python3.11/site-packages/httpcore/_sync/connection_pool.py", line 256, in handle_request
    raise exc from None
  File "/home/gradientascent/miniforge3/envs/M-IFEval/lib/python3.11/site-packages/httpcore/_sync/connection_pool.py", line 236, in handle_request
    response = connection.handle_request(
               ^^^^^^^^^^^^^^^^^^^^^^^^^^
  File "/home/gradientascent/miniforge3/envs/M-IFEval/lib/python3.11/site-packages/httpcore/_sync/connection.py", line 101, in handle_request
    raise exc
  File "/home/gradientascent/miniforge3/envs/M-IFEval/lib/python3.11/site-packages/httpcore/_sync/connection.py", line 78, in handle_request
    stream = self._connect(request)
             ^^^^^^^^^^^^^^^^^^^^^^
  File "/home/gradientascent/miniforge3/envs/M-IFEval/lib/python3.11/site-packages/httpcore/_sync/connection.py", line 124, in _connect
    stream = self._network_backend.connect_tcp(**kwargs)
             ^^^^^^^^^^^^^^^^^^^^^^^^^^^^^^^^^^^^^^^^^^^
  File "/home/gradientascent/miniforge3/envs/M-IFEval/lib/python3.11/site-packages/httpcore/_backends/sync.py", line 207, in connect_tcp
    with map_exceptions(exc_map):
  File "/home/gradientascent/miniforge3/envs/M-IFEval/lib/python3.11/contextlib.py", line 158, in __exit__
    self.gen.throw(typ, value, traceback)
  File "/home/gradientascent/miniforge3/envs/M-IFEval/lib/python3.11/site-packages/httpcore/_exceptions.py", line 14, in map_exceptions
    raise to_exc(exc) from exc
httpcore.ConnectError: [Errno 111] Connection refused

The above exception was the direct cause of the following exception:

Traceback (most recent call last):
  File "/home/gradientascent/miniforge3/envs/M-IFEval/lib/python3.11/site-packages/openai/_base_client.py", line 996, in _request
    response = self._client.send(
               ^^^^^^^^^^^^^^^^^^
  File "/home/gradientascent/miniforge3/envs/M-IFEval/lib/python3.11/site-packages/httpx/_client.py", line 914, in send
    response = self._send_handling_auth(
               ^^^^^^^^^^^^^^^^^^^^^^^^^
  File "/home/gradientascent/miniforge3/envs/M-IFEval/lib/python3.11/site-packages/httpx/_client.py", line 942, in _send_handling_auth
    response = self._send_handling_redirects(
               ^^^^^^^^^^^^^^^^^^^^^^^^^^^^^^
  File "/home/gradientascent/miniforge3/envs/M-IFEval/lib/python3.11/site-packages/httpx/_client.py", line 979, in _send_handling_redirects
    response = self._send_single_request(request)
               ^^^^^^^^^^^^^^^^^^^^^^^^^^^^^^^^^^
  File "/home/gradientascent/miniforge3/envs/M-IFEval/lib/python3.11/site-packages/httpx/_client.py", line 1014, in _send_single_request
    response = transport.handle_request(request)
               ^^^^^^^^^^^^^^^^^^^^^^^^^^^^^^^^^
  File "/home/gradientascent/miniforge3/envs/M-IFEval/lib/python3.11/site-packages/httpx/_transports/default.py", line 249, in handle_request
    with map_httpcore_exceptions():
  File "/home/gradientascent/miniforge3/envs/M-IFEval/lib/python3.11/contextlib.py", line 158, in __exit__
    self.gen.throw(typ, value, traceback)
  File "/home/gradientascent/miniforge3/envs/M-IFEval/lib/python3.11/site-packages/httpx/_transports/default.py", line 118, in map_httpcore_exceptions
    raise mapped_exc(message) from exc
httpx.ConnectError: [Errno 111] Connection refused

The above exception was the direct cause of the following exception:

Traceback (most recent call last):
  File "/home/gradientascent/aiprojects/M-IFEval/get_responses.py", line 207, in get_single_response
    response = self.openai_client.chat.completions.create(**kwargs)
               ^^^^^^^^^^^^^^^^^^^^^^^^^^^^^^^^^^^^^^^^^^^^^^^^^^^^
  File "/home/gradientascent/miniforge3/envs/M-IFEval/lib/python3.11/site-packages/openai/_utils/_utils.py", line 279, in wrapper
    return func(*args, **kwargs)
           ^^^^^^^^^^^^^^^^^^^^^
  File "/home/gradientascent/miniforge3/envs/M-IFEval/lib/python3.11/site-packages/openai/resources/chat/completions.py", line 863, in create
    return self._post(
           ^^^^^^^^^^^
  File "/home/gradientascent/miniforge3/envs/M-IFEval/lib/python3.11/site-packages/openai/_base_client.py", line 1283, in post
    return cast(ResponseT, self.request(cast_to, opts, stream=stream, stream_cls=stream_cls))
                           ^^^^^^^^^^^^^^^^^^^^^^^^^^^^^^^^^^^^^^^^^^^^^^^^^^^^^^^^^^^^^^^^^
  File "/home/gradientascent/miniforge3/envs/M-IFEval/lib/python3.11/site-packages/openai/_base_client.py", line 960, in request
    return self._request(
           ^^^^^^^^^^^^^^
  File "/home/gradientascent/miniforge3/envs/M-IFEval/lib/python3.11/site-packages/openai/_base_client.py", line 1020, in _request
    return self._retry_request(
           ^^^^^^^^^^^^^^^^^^^^
  File "/home/gradientascent/miniforge3/envs/M-IFEval/lib/python3.11/site-packages/openai/_base_client.py", line 1098, in _retry_request
    return self._request(
           ^^^^^^^^^^^^^^
  File "/home/gradientascent/miniforge3/envs/M-IFEval/lib/python3.11/site-packages/openai/_base_client.py", line 1020, in _request
    return self._retry_request(
           ^^^^^^^^^^^^^^^^^^^^
  File "/home/gradientascent/miniforge3/envs/M-IFEval/lib/python3.11/site-packages/openai/_base_client.py", line 1098, in _retry_request
    return self._request(
           ^^^^^^^^^^^^^^
  File "/home/gradientascent/miniforge3/envs/M-IFEval/lib/python3.11/site-packages/openai/_base_client.py", line 1030, in _request
    raise APIConnectionError(request=request) from err
openai.APIConnectionError: Connection error.
================================================================================

================================================================================
API ERROR
Model: shisa-ai/shisa-v2-unphi4-14b-denoted-W8A8-INT8
Error: Connection error.
Error type: APIConnectionError
Prompt (first 200 chars): 現代社会における人工知能の役割を3文未満で要約してください。
Full traceback:
Traceback (most recent call last):
  File "/home/gradientascent/miniforge3/envs/M-IFEval/lib/python3.11/site-packages/httpx/_transports/default.py", line 101, in map_httpcore_exceptions
    yield
  File "/home/gradientascent/miniforge3/envs/M-IFEval/lib/python3.11/site-packages/httpx/_transports/default.py", line 250, in handle_request
    resp = self._pool.handle_request(req)
           ^^^^^^^^^^^^^^^^^^^^^^^^^^^^^^
  File "/home/gradientascent/miniforge3/envs/M-IFEval/lib/python3.11/site-packages/httpcore/_sync/connection_pool.py", line 256, in handle_request
    raise exc from None
  File "/home/gradientascent/miniforge3/envs/M-IFEval/lib/python3.11/site-packages/httpcore/_sync/connection_pool.py", line 236, in handle_request
    response = connection.handle_request(
               ^^^^^^^^^^^^^^^^^^^^^^^^^^
  File "/home/gradientascent/miniforge3/envs/M-IFEval/lib/python3.11/site-packages/httpcore/_sync/connection.py", line 101, in handle_request
    raise exc
  File "/home/gradientascent/miniforge3/envs/M-IFEval/lib/python3.11/site-packages/httpcore/_sync/connection.py", line 78, in handle_request
    stream = self._connect(request)
             ^^^^^^^^^^^^^^^^^^^^^^
  File "/home/gradientascent/miniforge3/envs/M-IFEval/lib/python3.11/site-packages/httpcore/_sync/connection.py", line 124, in _connect
    stream = self._network_backend.connect_tcp(**kwargs)
             ^^^^^^^^^^^^^^^^^^^^^^^^^^^^^^^^^^^^^^^^^^^
  File "/home/gradientascent/miniforge3/envs/M-IFEval/lib/python3.11/site-packages/httpcore/_backends/sync.py", line 207, in connect_tcp
    with map_exceptions(exc_map):
  File "/home/gradientascent/miniforge3/envs/M-IFEval/lib/python3.11/contextlib.py", line 158, in __exit__
    self.gen.throw(typ, value, traceback)
  File "/home/gradientascent/miniforge3/envs/M-IFEval/lib/python3.11/site-packages/httpcore/_exceptions.py", line 14, in map_exceptions
    raise to_exc(exc) from exc
httpcore.ConnectError: [Errno 111] Connection refused

The above exception was the direct cause of the following exception:

Traceback (most recent call last):
  File "/home/gradientascent/miniforge3/envs/M-IFEval/lib/python3.11/site-packages/openai/_base_client.py", line 996, in _request
    response = self._client.send(
               ^^^^^^^^^^^^^^^^^^
  File "/home/gradientascent/miniforge3/envs/M-IFEval/lib/python3.11/site-packages/httpx/_client.py", line 914, in send
    response = self._send_handling_auth(
               ^^^^^^^^^^^^^^^^^^^^^^^^^
  File "/home/gradientascent/miniforge3/envs/M-IFEval/lib/python3.11/site-packages/httpx/_client.py", line 942, in _send_handling_auth
    response = self._send_handling_redirects(
               ^^^^^^^^^^^^^^^^^^^^^^^^^^^^^^
  File "/home/gradientascent/miniforge3/envs/M-IFEval/lib/python3.11/site-packages/httpx/_client.py", line 979, in _send_handling_redirects
    response = self._send_single_request(request)
               ^^^^^^^^^^^^^^^^^^^^^^^^^^^^^^^^^^
  File "/home/gradientascent/miniforge3/envs/M-IFEval/lib/python3.11/site-packages/httpx/_client.py", line 1014, in _send_single_request
    response = transport.handle_request(request)
               ^^^^^^^^^^^^^^^^^^^^^^^^^^^^^^^^^
  File "/home/gradientascent/miniforge3/envs/M-IFEval/lib/python3.11/site-packages/httpx/_transports/default.py", line 249, in handle_request
    with map_httpcore_exceptions():
  File "/home/gradientascent/miniforge3/envs/M-IFEval/lib/python3.11/contextlib.py", line 158, in __exit__
    self.gen.throw(typ, value, traceback)
  File "/home/gradientascent/miniforge3/envs/M-IFEval/lib/python3.11/site-packages/httpx/_transports/default.py", line 118, in map_httpcore_exceptions
    raise mapped_exc(message) from exc
httpx.ConnectError: [Errno 111] Connection refused

The above exception was the direct cause of the following exception:

Traceback (most recent call last):
  File "/home/gradientascent/aiprojects/M-IFEval/get_responses.py", line 207, in get_single_response
    response = self.openai_client.chat.completions.create(**kwargs)
               ^^^^^^^^^^^^^^^^^^^^^^^^^^^^^^^^^^^^^^^^^^^^^^^^^^^^
  File "/home/gradientascent/miniforge3/envs/M-IFEval/lib/python3.11/site-packages/openai/_utils/_utils.py", line 279, in wrapper
    return func(*args, **kwargs)
           ^^^^^^^^^^^^^^^^^^^^^
  File "/home/gradientascent/miniforge3/envs/M-IFEval/lib/python3.11/site-packages/openai/resources/chat/completions.py", line 863, in create
    return self._post(
           ^^^^^^^^^^^
  File "/home/gradientascent/miniforge3/envs/M-IFEval/lib/python3.11/site-packages/openai/_base_client.py", line 1283, in post
    return cast(ResponseT, self.request(cast_to, opts, stream=stream, stream_cls=stream_cls))
                           ^^^^^^^^^^^^^^^^^^^^^^^^^^^^^^^^^^^^^^^^^^^^^^^^^^^^^^^^^^^^^^^^^
  File "/home/gradientascent/miniforge3/envs/M-IFEval/lib/python3.11/site-packages/openai/_base_client.py", line 960, in request
    return self._request(
           ^^^^^^^^^^^^^^
  File "/home/gradientascent/miniforge3/envs/M-IFEval/lib/python3.11/site-packages/openai/_base_client.py", line 1020, in _request
    return self._retry_request(
           ^^^^^^^^^^^^^^^^^^^^
  File "/home/gradientascent/miniforge3/envs/M-IFEval/lib/python3.11/site-packages/openai/_base_client.py", line 1098, in _retry_request
    return self._request(
           ^^^^^^^^^^^^^^
  File "/home/gradientascent/miniforge3/envs/M-IFEval/lib/python3.11/site-packages/openai/_base_client.py", line 1020, in _request
    return self._retry_request(
           ^^^^^^^^^^^^^^^^^^^^
  File "/home/gradientascent/miniforge3/envs/M-IFEval/lib/python3.11/site-packages/openai/_base_client.py", line 1098, in _retry_request
    return self._request(
           ^^^^^^^^^^^^^^
  File "/home/gradientascent/miniforge3/envs/M-IFEval/lib/python3.11/site-packages/openai/_base_client.py", line 1030, in _request
    raise APIConnectionError(request=request) from err
openai.APIConnectionError: Connection error.
================================================================================

================================================================================
API ERROR
Model: shisa-ai/shisa-v2-unphi4-14b-denoted-W8A8-INT8
Error: Connection error.
Error type: APIConnectionError
Prompt (first 200 chars): 少なくとも5個のプレースホルダーを含めて、架空のRPGゲームの設定を説明してください。プレースホルダーは[ゲームタイトル]、[主人公の名前]、[世界の名前]のように角括弧で表されます。
Full traceback:
Traceback (most recent call last):
  File "/home/gradientascent/miniforge3/envs/M-IFEval/lib/python3.11/site-packages/httpx/_transports/default.py", line 101, in map_httpcore_exceptions
    yield
  File "/home/gradientascent/miniforge3/envs/M-IFEval/lib/python3.11/site-packages/httpx/_transports/default.py", line 250, in handle_request
    resp = self._pool.handle_request(req)
           ^^^^^^^^^^^^^^^^^^^^^^^^^^^^^^
  File "/home/gradientascent/miniforge3/envs/M-IFEval/lib/python3.11/site-packages/httpcore/_sync/connection_pool.py", line 256, in handle_request
    raise exc from None
  File "/home/gradientascent/miniforge3/envs/M-IFEval/lib/python3.11/site-packages/httpcore/_sync/connection_pool.py", line 236, in handle_request
    response = connection.handle_request(
               ^^^^^^^^^^^^^^^^^^^^^^^^^^
  File "/home/gradientascent/miniforge3/envs/M-IFEval/lib/python3.11/site-packages/httpcore/_sync/connection.py", line 101, in handle_request
    raise exc
  File "/home/gradientascent/miniforge3/envs/M-IFEval/lib/python3.11/site-packages/httpcore/_sync/connection.py", line 78, in handle_request
    stream = self._connect(request)
             ^^^^^^^^^^^^^^^^^^^^^^
  File "/home/gradientascent/miniforge3/envs/M-IFEval/lib/python3.11/site-packages/httpcore/_sync/connection.py", line 124, in _connect
    stream = self._network_backend.connect_tcp(**kwargs)
             ^^^^^^^^^^^^^^^^^^^^^^^^^^^^^^^^^^^^^^^^^^^
  File "/home/gradientascent/miniforge3/envs/M-IFEval/lib/python3.11/site-packages/httpcore/_backends/sync.py", line 207, in connect_tcp
    with map_exceptions(exc_map):
  File "/home/gradientascent/miniforge3/envs/M-IFEval/lib/python3.11/contextlib.py", line 158, in __exit__
    self.gen.throw(typ, value, traceback)
  File "/home/gradientascent/miniforge3/envs/M-IFEval/lib/python3.11/site-packages/httpcore/_exceptions.py", line 14, in map_exceptions
    raise to_exc(exc) from exc
httpcore.ConnectError: [Errno 111] Connection refused

The above exception was the direct cause of the following exception:

Traceback (most recent call last):
  File "/home/gradientascent/miniforge3/envs/M-IFEval/lib/python3.11/site-packages/openai/_base_client.py", line 996, in _request
    response = self._client.send(
               ^^^^^^^^^^^^^^^^^^
  File "/home/gradientascent/miniforge3/envs/M-IFEval/lib/python3.11/site-packages/httpx/_client.py", line 914, in send
    response = self._send_handling_auth(
               ^^^^^^^^^^^^^^^^^^^^^^^^^
  File "/home/gradientascent/miniforge3/envs/M-IFEval/lib/python3.11/site-packages/httpx/_client.py", line 942, in _send_handling_auth
    response = self._send_handling_redirects(
               ^^^^^^^^^^^^^^^^^^^^^^^^^^^^^^
  File "/home/gradientascent/miniforge3/envs/M-IFEval/lib/python3.11/site-packages/httpx/_client.py", line 979, in _send_handling_redirects
    response = self._send_single_request(request)
               ^^^^^^^^^^^^^^^^^^^^^^^^^^^^^^^^^^
  File "/home/gradientascent/miniforge3/envs/M-IFEval/lib/python3.11/site-packages/httpx/_client.py", line 1014, in _send_single_request
    response = transport.handle_request(request)
               ^^^^^^^^^^^^^^^^^^^^^^^^^^^^^^^^^
  File "/home/gradientascent/miniforge3/envs/M-IFEval/lib/python3.11/site-packages/httpx/_transports/default.py", line 249, in handle_request
    with map_httpcore_exceptions():
  File "/home/gradientascent/miniforge3/envs/M-IFEval/lib/python3.11/contextlib.py", line 158, in __exit__
    self.gen.throw(typ, value, traceback)
  File "/home/gradientascent/miniforge3/envs/M-IFEval/lib/python3.11/site-packages/httpx/_transports/default.py", line 118, in map_httpcore_exceptions
    raise mapped_exc(message) from exc
httpx.ConnectError: [Errno 111] Connection refused

The above exception was the direct cause of the following exception:

Traceback (most recent call last):
  File "/home/gradientascent/aiprojects/M-IFEval/get_responses.py", line 207, in get_single_response
    response = self.openai_client.chat.completions.create(**kwargs)
               ^^^^^^^^^^^^^^^^^^^^^^^^^^^^^^^^^^^^^^^^^^^^^^^^^^^^
  File "/home/gradientascent/miniforge3/envs/M-IFEval/lib/python3.11/site-packages/openai/_utils/_utils.py", line 279, in wrapper
    return func(*args, **kwargs)
           ^^^^^^^^^^^^^^^^^^^^^
  File "/home/gradientascent/miniforge3/envs/M-IFEval/lib/python3.11/site-packages/openai/resources/chat/completions.py", line 863, in create
    return self._post(
           ^^^^^^^^^^^
  File "/home/gradientascent/miniforge3/envs/M-IFEval/lib/python3.11/site-packages/openai/_base_client.py", line 1283, in post
    return cast(ResponseT, self.request(cast_to, opts, stream=stream, stream_cls=stream_cls))
                           ^^^^^^^^^^^^^^^^^^^^^^^^^^^^^^^^^^^^^^^^^^^^^^^^^^^^^^^^^^^^^^^^^
  File "/home/gradientascent/miniforge3/envs/M-IFEval/lib/python3.11/site-packages/openai/_base_client.py", line 960, in request
    return self._request(
           ^^^^^^^^^^^^^^
  File "/home/gradientascent/miniforge3/envs/M-IFEval/lib/python3.11/site-packages/openai/_base_client.py", line 1020, in _request
    return self._retry_request(
           ^^^^^^^^^^^^^^^^^^^^
  File "/home/gradientascent/miniforge3/envs/M-IFEval/lib/python3.11/site-packages/openai/_base_client.py", line 1098, in _retry_request
    return self._request(
           ^^^^^^^^^^^^^^
  File "/home/gradientascent/miniforge3/envs/M-IFEval/lib/python3.11/site-packages/openai/_base_client.py", line 1020, in _request
    return self._retry_request(
           ^^^^^^^^^^^^^^^^^^^^
  File "/home/gradientascent/miniforge3/envs/M-IFEval/lib/python3.11/site-packages/openai/_base_client.py", line 1098, in _retry_request
    return self._request(
           ^^^^^^^^^^^^^^
  File "/home/gradientascent/miniforge3/envs/M-IFEval/lib/python3.11/site-packages/openai/_base_client.py", line 1030, in _request
    raise APIConnectionError(request=request) from err
openai.APIConnectionError: Connection error.
================================================================================

================================================================================
API ERROR
Model: shisa-ai/shisa-v2-unphi4-14b-denoted-W8A8-INT8
Error: Connection error.
Error type: APIConnectionError
Prompt (first 200 chars): 新しいプロジェクトの提案メールを書いてください。応答には少なくとも3個のプレースホルダーを含めてください。プレースホルダーは[プロジェクト名]、[提案者の名前]、[締め切り日]のように角括弧で表されます。
Full traceback:
Traceback (most recent call last):
  File "/home/gradientascent/miniforge3/envs/M-IFEval/lib/python3.11/site-packages/httpx/_transports/default.py", line 101, in map_httpcore_exceptions
    yield
  File "/home/gradientascent/miniforge3/envs/M-IFEval/lib/python3.11/site-packages/httpx/_transports/default.py", line 250, in handle_request
    resp = self._pool.handle_request(req)
           ^^^^^^^^^^^^^^^^^^^^^^^^^^^^^^
  File "/home/gradientascent/miniforge3/envs/M-IFEval/lib/python3.11/site-packages/httpcore/_sync/connection_pool.py", line 256, in handle_request
    raise exc from None
  File "/home/gradientascent/miniforge3/envs/M-IFEval/lib/python3.11/site-packages/httpcore/_sync/connection_pool.py", line 236, in handle_request
    response = connection.handle_request(
               ^^^^^^^^^^^^^^^^^^^^^^^^^^
  File "/home/gradientascent/miniforge3/envs/M-IFEval/lib/python3.11/site-packages/httpcore/_sync/connection.py", line 101, in handle_request
    raise exc
  File "/home/gradientascent/miniforge3/envs/M-IFEval/lib/python3.11/site-packages/httpcore/_sync/connection.py", line 78, in handle_request
    stream = self._connect(request)
             ^^^^^^^^^^^^^^^^^^^^^^
  File "/home/gradientascent/miniforge3/envs/M-IFEval/lib/python3.11/site-packages/httpcore/_sync/connection.py", line 124, in _connect
    stream = self._network_backend.connect_tcp(**kwargs)
             ^^^^^^^^^^^^^^^^^^^^^^^^^^^^^^^^^^^^^^^^^^^
  File "/home/gradientascent/miniforge3/envs/M-IFEval/lib/python3.11/site-packages/httpcore/_backends/sync.py", line 207, in connect_tcp
    with map_exceptions(exc_map):
  File "/home/gradientascent/miniforge3/envs/M-IFEval/lib/python3.11/contextlib.py", line 158, in __exit__
    self.gen.throw(typ, value, traceback)
  File "/home/gradientascent/miniforge3/envs/M-IFEval/lib/python3.11/site-packages/httpcore/_exceptions.py", line 14, in map_exceptions
    raise to_exc(exc) from exc
httpcore.ConnectError: [Errno 111] Connection refused

The above exception was the direct cause of the following exception:

Traceback (most recent call last):
  File "/home/gradientascent/miniforge3/envs/M-IFEval/lib/python3.11/site-packages/openai/_base_client.py", line 996, in _request
    response = self._client.send(
               ^^^^^^^^^^^^^^^^^^
  File "/home/gradientascent/miniforge3/envs/M-IFEval/lib/python3.11/site-packages/httpx/_client.py", line 914, in send
    response = self._send_handling_auth(
               ^^^^^^^^^^^^^^^^^^^^^^^^^
  File "/home/gradientascent/miniforge3/envs/M-IFEval/lib/python3.11/site-packages/httpx/_client.py", line 942, in _send_handling_auth
    response = self._send_handling_redirects(
               ^^^^^^^^^^^^^^^^^^^^^^^^^^^^^^
  File "/home/gradientascent/miniforge3/envs/M-IFEval/lib/python3.11/site-packages/httpx/_client.py", line 979, in _send_handling_redirects
    response = self._send_single_request(request)
               ^^^^^^^^^^^^^^^^^^^^^^^^^^^^^^^^^^
  File "/home/gradientascent/miniforge3/envs/M-IFEval/lib/python3.11/site-packages/httpx/_client.py", line 1014, in _send_single_request
    response = transport.handle_request(request)
               ^^^^^^^^^^^^^^^^^^^^^^^^^^^^^^^^^
  File "/home/gradientascent/miniforge3/envs/M-IFEval/lib/python3.11/site-packages/httpx/_transports/default.py", line 249, in handle_request
    with map_httpcore_exceptions():
  File "/home/gradientascent/miniforge3/envs/M-IFEval/lib/python3.11/contextlib.py", line 158, in __exit__
    self.gen.throw(typ, value, traceback)
  File "/home/gradientascent/miniforge3/envs/M-IFEval/lib/python3.11/site-packages/httpx/_transports/default.py", line 118, in map_httpcore_exceptions
    raise mapped_exc(message) from exc
httpx.ConnectError: [Errno 111] Connection refused

The above exception was the direct cause of the following exception:

Traceback (most recent call last):
  File "/home/gradientascent/aiprojects/M-IFEval/get_responses.py", line 207, in get_single_response
    response = self.openai_client.chat.completions.create(**kwargs)
               ^^^^^^^^^^^^^^^^^^^^^^^^^^^^^^^^^^^^^^^^^^^^^^^^^^^^
  File "/home/gradientascent/miniforge3/envs/M-IFEval/lib/python3.11/site-packages/openai/_utils/_utils.py", line 279, in wrapper
    return func(*args, **kwargs)
           ^^^^^^^^^^^^^^^^^^^^^
  File "/home/gradientascent/miniforge3/envs/M-IFEval/lib/python3.11/site-packages/openai/resources/chat/completions.py", line 863, in create
    return self._post(
           ^^^^^^^^^^^
  File "/home/gradientascent/miniforge3/envs/M-IFEval/lib/python3.11/site-packages/openai/_base_client.py", line 1283, in post
    return cast(ResponseT, self.request(cast_to, opts, stream=stream, stream_cls=stream_cls))
                           ^^^^^^^^^^^^^^^^^^^^^^^^^^^^^^^^^^^^^^^^^^^^^^^^^^^^^^^^^^^^^^^^^
  File "/home/gradientascent/miniforge3/envs/M-IFEval/lib/python3.11/site-packages/openai/_base_client.py", line 960, in request
    return self._request(
           ^^^^^^^^^^^^^^
  File "/home/gradientascent/miniforge3/envs/M-IFEval/lib/python3.11/site-packages/openai/_base_client.py", line 1020, in _request
    return self._retry_request(
           ^^^^^^^^^^^^^^^^^^^^
  File "/home/gradientascent/miniforge3/envs/M-IFEval/lib/python3.11/site-packages/openai/_base_client.py", line 1098, in _retry_request
    return self._request(
           ^^^^^^^^^^^^^^
  File "/home/gradientascent/miniforge3/envs/M-IFEval/lib/python3.11/site-packages/openai/_base_client.py", line 1020, in _request
    return self._retry_request(
           ^^^^^^^^^^^^^^^^^^^^
  File "/home/gradientascent/miniforge3/envs/M-IFEval/lib/python3.11/site-packages/openai/_base_client.py", line 1098, in _retry_request
    return self._request(
           ^^^^^^^^^^^^^^
  File "/home/gradientascent/miniforge3/envs/M-IFEval/lib/python3.11/site-packages/openai/_base_client.py", line 1030, in _request
    raise APIConnectionError(request=request) from err
openai.APIConnectionError: Connection error.
================================================================================

================================================================================
API ERROR
Model: shisa-ai/shisa-v2-unphi4-14b-denoted-W8A8-INT8
Error: Connection error.
Error type: APIConnectionError
Prompt (first 200 chars): フランス語で、地球の大気層の構成とその重要性について説明してください。他の言語を用いてはいけません。
Full traceback:
Traceback (most recent call last):
  File "/home/gradientascent/miniforge3/envs/M-IFEval/lib/python3.11/site-packages/httpx/_transports/default.py", line 101, in map_httpcore_exceptions
    yield
  File "/home/gradientascent/miniforge3/envs/M-IFEval/lib/python3.11/site-packages/httpx/_transports/default.py", line 250, in handle_request
    resp = self._pool.handle_request(req)
           ^^^^^^^^^^^^^^^^^^^^^^^^^^^^^^
  File "/home/gradientascent/miniforge3/envs/M-IFEval/lib/python3.11/site-packages/httpcore/_sync/connection_pool.py", line 256, in handle_request
    raise exc from None
  File "/home/gradientascent/miniforge3/envs/M-IFEval/lib/python3.11/site-packages/httpcore/_sync/connection_pool.py", line 236, in handle_request
    response = connection.handle_request(
               ^^^^^^^^^^^^^^^^^^^^^^^^^^
  File "/home/gradientascent/miniforge3/envs/M-IFEval/lib/python3.11/site-packages/httpcore/_sync/connection.py", line 101, in handle_request
    raise exc
  File "/home/gradientascent/miniforge3/envs/M-IFEval/lib/python3.11/site-packages/httpcore/_sync/connection.py", line 78, in handle_request
    stream = self._connect(request)
             ^^^^^^^^^^^^^^^^^^^^^^
  File "/home/gradientascent/miniforge3/envs/M-IFEval/lib/python3.11/site-packages/httpcore/_sync/connection.py", line 124, in _connect
    stream = self._network_backend.connect_tcp(**kwargs)
             ^^^^^^^^^^^^^^^^^^^^^^^^^^^^^^^^^^^^^^^^^^^
  File "/home/gradientascent/miniforge3/envs/M-IFEval/lib/python3.11/site-packages/httpcore/_backends/sync.py", line 207, in connect_tcp
    with map_exceptions(exc_map):
  File "/home/gradientascent/miniforge3/envs/M-IFEval/lib/python3.11/contextlib.py", line 158, in __exit__
    self.gen.throw(typ, value, traceback)
  File "/home/gradientascent/miniforge3/envs/M-IFEval/lib/python3.11/site-packages/httpcore/_exceptions.py", line 14, in map_exceptions
    raise to_exc(exc) from exc
httpcore.ConnectError: [Errno 111] Connection refused

The above exception was the direct cause of the following exception:

Traceback (most recent call last):
  File "/home/gradientascent/miniforge3/envs/M-IFEval/lib/python3.11/site-packages/openai/_base_client.py", line 996, in _request
    response = self._client.send(
               ^^^^^^^^^^^^^^^^^^
  File "/home/gradientascent/miniforge3/envs/M-IFEval/lib/python3.11/site-packages/httpx/_client.py", line 914, in send
    response = self._send_handling_auth(
               ^^^^^^^^^^^^^^^^^^^^^^^^^
  File "/home/gradientascent/miniforge3/envs/M-IFEval/lib/python3.11/site-packages/httpx/_client.py", line 942, in _send_handling_auth
    response = self._send_handling_redirects(
               ^^^^^^^^^^^^^^^^^^^^^^^^^^^^^^
  File "/home/gradientascent/miniforge3/envs/M-IFEval/lib/python3.11/site-packages/httpx/_client.py", line 979, in _send_handling_redirects
    response = self._send_single_request(request)
               ^^^^^^^^^^^^^^^^^^^^^^^^^^^^^^^^^^
  File "/home/gradientascent/miniforge3/envs/M-IFEval/lib/python3.11/site-packages/httpx/_client.py", line 1014, in _send_single_request
    response = transport.handle_request(request)
               ^^^^^^^^^^^^^^^^^^^^^^^^^^^^^^^^^
  File "/home/gradientascent/miniforge3/envs/M-IFEval/lib/python3.11/site-packages/httpx/_transports/default.py", line 249, in handle_request
    with map_httpcore_exceptions():
  File "/home/gradientascent/miniforge3/envs/M-IFEval/lib/python3.11/contextlib.py", line 158, in __exit__
    self.gen.throw(typ, value, traceback)
  File "/home/gradientascent/miniforge3/envs/M-IFEval/lib/python3.11/site-packages/httpx/_transports/default.py", line 118, in map_httpcore_exceptions
    raise mapped_exc(message) from exc
httpx.ConnectError: [Errno 111] Connection refused

The above exception was the direct cause of the following exception:

Traceback (most recent call last):
  File "/home/gradientascent/aiprojects/M-IFEval/get_responses.py", line 207, in get_single_response
    response = self.openai_client.chat.completions.create(**kwargs)
               ^^^^^^^^^^^^^^^^^^^^^^^^^^^^^^^^^^^^^^^^^^^^^^^^^^^^
  File "/home/gradientascent/miniforge3/envs/M-IFEval/lib/python3.11/site-packages/openai/_utils/_utils.py", line 279, in wrapper
    return func(*args, **kwargs)
           ^^^^^^^^^^^^^^^^^^^^^
  File "/home/gradientascent/miniforge3/envs/M-IFEval/lib/python3.11/site-packages/openai/resources/chat/completions.py", line 863, in create
    return self._post(
           ^^^^^^^^^^^
  File "/home/gradientascent/miniforge3/envs/M-IFEval/lib/python3.11/site-packages/openai/_base_client.py", line 1283, in post
    return cast(ResponseT, self.request(cast_to, opts, stream=stream, stream_cls=stream_cls))
                           ^^^^^^^^^^^^^^^^^^^^^^^^^^^^^^^^^^^^^^^^^^^^^^^^^^^^^^^^^^^^^^^^^
  File "/home/gradientascent/miniforge3/envs/M-IFEval/lib/python3.11/site-packages/openai/_base_client.py", line 960, in request
    return self._request(
           ^^^^^^^^^^^^^^
  File "/home/gradientascent/miniforge3/envs/M-IFEval/lib/python3.11/site-packages/openai/_base_client.py", line 1020, in _request
    return self._retry_request(
           ^^^^^^^^^^^^^^^^^^^^
  File "/home/gradientascent/miniforge3/envs/M-IFEval/lib/python3.11/site-packages/openai/_base_client.py", line 1098, in _retry_request
    return self._request(
           ^^^^^^^^^^^^^^
  File "/home/gradientascent/miniforge3/envs/M-IFEval/lib/python3.11/site-packages/openai/_base_client.py", line 1020, in _request
    return self._retry_request(
           ^^^^^^^^^^^^^^^^^^^^
  File "/home/gradientascent/miniforge3/envs/M-IFEval/lib/python3.11/site-packages/openai/_base_client.py", line 1098, in _retry_request
    return self._request(
           ^^^^^^^^^^^^^^
  File "/home/gradientascent/miniforge3/envs/M-IFEval/lib/python3.11/site-packages/openai/_base_client.py", line 1030, in _request
    raise APIConnectionError(request=request) from err
openai.APIConnectionError: Connection error.
================================================================================

================================================================================
API ERROR
Model: shisa-ai/shisa-v2-unphi4-14b-denoted-W8A8-INT8
Error: Connection error.
Error type: APIConnectionError
Prompt (first 200 chars): 仕事の同僚に感謝の気持ちを伝えるメールをタイ語で書いてください。
Full traceback:
Traceback (most recent call last):
  File "/home/gradientascent/miniforge3/envs/M-IFEval/lib/python3.11/site-packages/httpx/_transports/default.py", line 101, in map_httpcore_exceptions
    yield
  File "/home/gradientascent/miniforge3/envs/M-IFEval/lib/python3.11/site-packages/httpx/_transports/default.py", line 250, in handle_request
    resp = self._pool.handle_request(req)
           ^^^^^^^^^^^^^^^^^^^^^^^^^^^^^^
  File "/home/gradientascent/miniforge3/envs/M-IFEval/lib/python3.11/site-packages/httpcore/_sync/connection_pool.py", line 256, in handle_request
    raise exc from None
  File "/home/gradientascent/miniforge3/envs/M-IFEval/lib/python3.11/site-packages/httpcore/_sync/connection_pool.py", line 236, in handle_request
    response = connection.handle_request(
               ^^^^^^^^^^^^^^^^^^^^^^^^^^
  File "/home/gradientascent/miniforge3/envs/M-IFEval/lib/python3.11/site-packages/httpcore/_sync/connection.py", line 101, in handle_request
    raise exc
  File "/home/gradientascent/miniforge3/envs/M-IFEval/lib/python3.11/site-packages/httpcore/_sync/connection.py", line 78, in handle_request
    stream = self._connect(request)
             ^^^^^^^^^^^^^^^^^^^^^^
  File "/home/gradientascent/miniforge3/envs/M-IFEval/lib/python3.11/site-packages/httpcore/_sync/connection.py", line 124, in _connect
    stream = self._network_backend.connect_tcp(**kwargs)
             ^^^^^^^^^^^^^^^^^^^^^^^^^^^^^^^^^^^^^^^^^^^
  File "/home/gradientascent/miniforge3/envs/M-IFEval/lib/python3.11/site-packages/httpcore/_backends/sync.py", line 207, in connect_tcp
    with map_exceptions(exc_map):
  File "/home/gradientascent/miniforge3/envs/M-IFEval/lib/python3.11/contextlib.py", line 158, in __exit__
    self.gen.throw(typ, value, traceback)
  File "/home/gradientascent/miniforge3/envs/M-IFEval/lib/python3.11/site-packages/httpcore/_exceptions.py", line 14, in map_exceptions
    raise to_exc(exc) from exc
httpcore.ConnectError: [Errno 111] Connection refused

The above exception was the direct cause of the following exception:

Traceback (most recent call last):
  File "/home/gradientascent/miniforge3/envs/M-IFEval/lib/python3.11/site-packages/openai/_base_client.py", line 996, in _request
    response = self._client.send(
               ^^^^^^^^^^^^^^^^^^
  File "/home/gradientascent/miniforge3/envs/M-IFEval/lib/python3.11/site-packages/httpx/_client.py", line 914, in send
    response = self._send_handling_auth(
               ^^^^^^^^^^^^^^^^^^^^^^^^^
  File "/home/gradientascent/miniforge3/envs/M-IFEval/lib/python3.11/site-packages/httpx/_client.py", line 942, in _send_handling_auth
    response = self._send_handling_redirects(
               ^^^^^^^^^^^^^^^^^^^^^^^^^^^^^^
  File "/home/gradientascent/miniforge3/envs/M-IFEval/lib/python3.11/site-packages/httpx/_client.py", line 979, in _send_handling_redirects
    response = self._send_single_request(request)
               ^^^^^^^^^^^^^^^^^^^^^^^^^^^^^^^^^^
  File "/home/gradientascent/miniforge3/envs/M-IFEval/lib/python3.11/site-packages/httpx/_client.py", line 1014, in _send_single_request
    response = transport.handle_request(request)
               ^^^^^^^^^^^^^^^^^^^^^^^^^^^^^^^^^
  File "/home/gradientascent/miniforge3/envs/M-IFEval/lib/python3.11/site-packages/httpx/_transports/default.py", line 249, in handle_request
    with map_httpcore_exceptions():
  File "/home/gradientascent/miniforge3/envs/M-IFEval/lib/python3.11/contextlib.py", line 158, in __exit__
    self.gen.throw(typ, value, traceback)
  File "/home/gradientascent/miniforge3/envs/M-IFEval/lib/python3.11/site-packages/httpx/_transports/default.py", line 118, in map_httpcore_exceptions
    raise mapped_exc(message) from exc
httpx.ConnectError: [Errno 111] Connection refused

The above exception was the direct cause of the following exception:

Traceback (most recent call last):
  File "/home/gradientascent/aiprojects/M-IFEval/get_responses.py", line 207, in get_single_response
    response = self.openai_client.chat.completions.create(**kwargs)
               ^^^^^^^^^^^^^^^^^^^^^^^^^^^^^^^^^^^^^^^^^^^^^^^^^^^^
  File "/home/gradientascent/miniforge3/envs/M-IFEval/lib/python3.11/site-packages/openai/_utils/_utils.py", line 279, in wrapper
    return func(*args, **kwargs)
           ^^^^^^^^^^^^^^^^^^^^^
  File "/home/gradientascent/miniforge3/envs/M-IFEval/lib/python3.11/site-packages/openai/resources/chat/completions.py", line 863, in create
    return self._post(
           ^^^^^^^^^^^
  File "/home/gradientascent/miniforge3/envs/M-IFEval/lib/python3.11/site-packages/openai/_base_client.py", line 1283, in post
    return cast(ResponseT, self.request(cast_to, opts, stream=stream, stream_cls=stream_cls))
                           ^^^^^^^^^^^^^^^^^^^^^^^^^^^^^^^^^^^^^^^^^^^^^^^^^^^^^^^^^^^^^^^^^
  File "/home/gradientascent/miniforge3/envs/M-IFEval/lib/python3.11/site-packages/openai/_base_client.py", line 960, in request
    return self._request(
           ^^^^^^^^^^^^^^
  File "/home/gradientascent/miniforge3/envs/M-IFEval/lib/python3.11/site-packages/openai/_base_client.py", line 1020, in _request
    return self._retry_request(
           ^^^^^^^^^^^^^^^^^^^^
  File "/home/gradientascent/miniforge3/envs/M-IFEval/lib/python3.11/site-packages/openai/_base_client.py", line 1098, in _retry_request
    return self._request(
           ^^^^^^^^^^^^^^
  File "/home/gradientascent/miniforge3/envs/M-IFEval/lib/python3.11/site-packages/openai/_base_client.py", line 1020, in _request
    return self._retry_request(
           ^^^^^^^^^^^^^^^^^^^^
  File "/home/gradientascent/miniforge3/envs/M-IFEval/lib/python3.11/site-packages/openai/_base_client.py", line 1098, in _retry_request
    return self._request(
           ^^^^^^^^^^^^^^
  File "/home/gradientascent/miniforge3/envs/M-IFEval/lib/python3.11/site-packages/openai/_base_client.py", line 1030, in _request
    raise APIConnectionError(request=request) from err
openai.APIConnectionError: Connection error.
================================================================================

================================================================================
API ERROR
Model: shisa-ai/shisa-v2-unphi4-14b-denoted-W8A8-INT8
Error: Connection error.
Error type: APIConnectionError
Prompt (first 200 chars): 京都の祇園祭や青森のねぶた祭など日本の伝統的な祭りについて、5つの箇条書きで説明をまとめてください。
Full traceback:
Traceback (most recent call last):
  File "/home/gradientascent/miniforge3/envs/M-IFEval/lib/python3.11/site-packages/httpx/_transports/default.py", line 101, in map_httpcore_exceptions
    yield
  File "/home/gradientascent/miniforge3/envs/M-IFEval/lib/python3.11/site-packages/httpx/_transports/default.py", line 250, in handle_request
    resp = self._pool.handle_request(req)
           ^^^^^^^^^^^^^^^^^^^^^^^^^^^^^^
  File "/home/gradientascent/miniforge3/envs/M-IFEval/lib/python3.11/site-packages/httpcore/_sync/connection_pool.py", line 256, in handle_request
    raise exc from None
  File "/home/gradientascent/miniforge3/envs/M-IFEval/lib/python3.11/site-packages/httpcore/_sync/connection_pool.py", line 236, in handle_request
    response = connection.handle_request(
               ^^^^^^^^^^^^^^^^^^^^^^^^^^
  File "/home/gradientascent/miniforge3/envs/M-IFEval/lib/python3.11/site-packages/httpcore/_sync/connection.py", line 101, in handle_request
    raise exc
  File "/home/gradientascent/miniforge3/envs/M-IFEval/lib/python3.11/site-packages/httpcore/_sync/connection.py", line 78, in handle_request
    stream = self._connect(request)
             ^^^^^^^^^^^^^^^^^^^^^^
  File "/home/gradientascent/miniforge3/envs/M-IFEval/lib/python3.11/site-packages/httpcore/_sync/connection.py", line 124, in _connect
    stream = self._network_backend.connect_tcp(**kwargs)
             ^^^^^^^^^^^^^^^^^^^^^^^^^^^^^^^^^^^^^^^^^^^
  File "/home/gradientascent/miniforge3/envs/M-IFEval/lib/python3.11/site-packages/httpcore/_backends/sync.py", line 207, in connect_tcp
    with map_exceptions(exc_map):
  File "/home/gradientascent/miniforge3/envs/M-IFEval/lib/python3.11/contextlib.py", line 158, in __exit__
    self.gen.throw(typ, value, traceback)
  File "/home/gradientascent/miniforge3/envs/M-IFEval/lib/python3.11/site-packages/httpcore/_exceptions.py", line 14, in map_exceptions
    raise to_exc(exc) from exc
httpcore.ConnectError: [Errno 111] Connection refused

The above exception was the direct cause of the following exception:

Traceback (most recent call last):
  File "/home/gradientascent/miniforge3/envs/M-IFEval/lib/python3.11/site-packages/openai/_base_client.py", line 996, in _request
    response = self._client.send(
               ^^^^^^^^^^^^^^^^^^
  File "/home/gradientascent/miniforge3/envs/M-IFEval/lib/python3.11/site-packages/httpx/_client.py", line 914, in send
    response = self._send_handling_auth(
               ^^^^^^^^^^^^^^^^^^^^^^^^^
  File "/home/gradientascent/miniforge3/envs/M-IFEval/lib/python3.11/site-packages/httpx/_client.py", line 942, in _send_handling_auth
    response = self._send_handling_redirects(
               ^^^^^^^^^^^^^^^^^^^^^^^^^^^^^^
  File "/home/gradientascent/miniforge3/envs/M-IFEval/lib/python3.11/site-packages/httpx/_client.py", line 979, in _send_handling_redirects
    response = self._send_single_request(request)
               ^^^^^^^^^^^^^^^^^^^^^^^^^^^^^^^^^^
  File "/home/gradientascent/miniforge3/envs/M-IFEval/lib/python3.11/site-packages/httpx/_client.py", line 1014, in _send_single_request
    response = transport.handle_request(request)
               ^^^^^^^^^^^^^^^^^^^^^^^^^^^^^^^^^
  File "/home/gradientascent/miniforge3/envs/M-IFEval/lib/python3.11/site-packages/httpx/_transports/default.py", line 249, in handle_request
    with map_httpcore_exceptions():
  File "/home/gradientascent/miniforge3/envs/M-IFEval/lib/python3.11/contextlib.py", line 158, in __exit__
    self.gen.throw(typ, value, traceback)
  File "/home/gradientascent/miniforge3/envs/M-IFEval/lib/python3.11/site-packages/httpx/_transports/default.py", line 118, in map_httpcore_exceptions
    raise mapped_exc(message) from exc
httpx.ConnectError: [Errno 111] Connection refused

The above exception was the direct cause of the following exception:

Traceback (most recent call last):
  File "/home/gradientascent/aiprojects/M-IFEval/get_responses.py", line 207, in get_single_response
    response = self.openai_client.chat.completions.create(**kwargs)
               ^^^^^^^^^^^^^^^^^^^^^^^^^^^^^^^^^^^^^^^^^^^^^^^^^^^^
  File "/home/gradientascent/miniforge3/envs/M-IFEval/lib/python3.11/site-packages/openai/_utils/_utils.py", line 279, in wrapper
    return func(*args, **kwargs)
           ^^^^^^^^^^^^^^^^^^^^^
  File "/home/gradientascent/miniforge3/envs/M-IFEval/lib/python3.11/site-packages/openai/resources/chat/completions.py", line 863, in create
    return self._post(
           ^^^^^^^^^^^
  File "/home/gradientascent/miniforge3/envs/M-IFEval/lib/python3.11/site-packages/openai/_base_client.py", line 1283, in post
    return cast(ResponseT, self.request(cast_to, opts, stream=stream, stream_cls=stream_cls))
                           ^^^^^^^^^^^^^^^^^^^^^^^^^^^^^^^^^^^^^^^^^^^^^^^^^^^^^^^^^^^^^^^^^
  File "/home/gradientascent/miniforge3/envs/M-IFEval/lib/python3.11/site-packages/openai/_base_client.py", line 960, in request
    return self._request(
           ^^^^^^^^^^^^^^
  File "/home/gradientascent/miniforge3/envs/M-IFEval/lib/python3.11/site-packages/openai/_base_client.py", line 1020, in _request
    return self._retry_request(
           ^^^^^^^^^^^^^^^^^^^^
  File "/home/gradientascent/miniforge3/envs/M-IFEval/lib/python3.11/site-packages/openai/_base_client.py", line 1098, in _retry_request
    return self._request(
           ^^^^^^^^^^^^^^
  File "/home/gradientascent/miniforge3/envs/M-IFEval/lib/python3.11/site-packages/openai/_base_client.py", line 1020, in _request
    return self._retry_request(
           ^^^^^^^^^^^^^^^^^^^^
  File "/home/gradientascent/miniforge3/envs/M-IFEval/lib/python3.11/site-packages/openai/_base_client.py", line 1098, in _retry_request
    return self._request(
           ^^^^^^^^^^^^^^
  File "/home/gradientascent/miniforge3/envs/M-IFEval/lib/python3.11/site-packages/openai/_base_client.py", line 1030, in _request
    raise APIConnectionError(request=request) from err
openai.APIConnectionError: Connection error.
================================================================================

================================================================================
API ERROR
Model: shisa-ai/shisa-v2-unphi4-14b-denoted-W8A8-INT8
Error: Connection error.
Error type: APIConnectionError
Prompt (first 200 chars): 友人を笑わせるためにユーモアのある冗談をいくつか書いてください。ただし、アラビア語で答えてください。他の言語を用いてはいけません。
Full traceback:
Traceback (most recent call last):
  File "/home/gradientascent/miniforge3/envs/M-IFEval/lib/python3.11/site-packages/httpx/_transports/default.py", line 101, in map_httpcore_exceptions
    yield
  File "/home/gradientascent/miniforge3/envs/M-IFEval/lib/python3.11/site-packages/httpx/_transports/default.py", line 250, in handle_request
    resp = self._pool.handle_request(req)
           ^^^^^^^^^^^^^^^^^^^^^^^^^^^^^^
  File "/home/gradientascent/miniforge3/envs/M-IFEval/lib/python3.11/site-packages/httpcore/_sync/connection_pool.py", line 256, in handle_request
    raise exc from None
  File "/home/gradientascent/miniforge3/envs/M-IFEval/lib/python3.11/site-packages/httpcore/_sync/connection_pool.py", line 236, in handle_request
    response = connection.handle_request(
               ^^^^^^^^^^^^^^^^^^^^^^^^^^
  File "/home/gradientascent/miniforge3/envs/M-IFEval/lib/python3.11/site-packages/httpcore/_sync/connection.py", line 101, in handle_request
    raise exc
  File "/home/gradientascent/miniforge3/envs/M-IFEval/lib/python3.11/site-packages/httpcore/_sync/connection.py", line 78, in handle_request
    stream = self._connect(request)
             ^^^^^^^^^^^^^^^^^^^^^^
  File "/home/gradientascent/miniforge3/envs/M-IFEval/lib/python3.11/site-packages/httpcore/_sync/connection.py", line 124, in _connect
    stream = self._network_backend.connect_tcp(**kwargs)
             ^^^^^^^^^^^^^^^^^^^^^^^^^^^^^^^^^^^^^^^^^^^
  File "/home/gradientascent/miniforge3/envs/M-IFEval/lib/python3.11/site-packages/httpcore/_backends/sync.py", line 207, in connect_tcp
    with map_exceptions(exc_map):
  File "/home/gradientascent/miniforge3/envs/M-IFEval/lib/python3.11/contextlib.py", line 158, in __exit__
    self.gen.throw(typ, value, traceback)
  File "/home/gradientascent/miniforge3/envs/M-IFEval/lib/python3.11/site-packages/httpcore/_exceptions.py", line 14, in map_exceptions
    raise to_exc(exc) from exc
httpcore.ConnectError: [Errno 111] Connection refused

The above exception was the direct cause of the following exception:

Traceback (most recent call last):
  File "/home/gradientascent/miniforge3/envs/M-IFEval/lib/python3.11/site-packages/openai/_base_client.py", line 996, in _request
    response = self._client.send(
               ^^^^^^^^^^^^^^^^^^
  File "/home/gradientascent/miniforge3/envs/M-IFEval/lib/python3.11/site-packages/httpx/_client.py", line 914, in send
    response = self._send_handling_auth(
               ^^^^^^^^^^^^^^^^^^^^^^^^^
  File "/home/gradientascent/miniforge3/envs/M-IFEval/lib/python3.11/site-packages/httpx/_client.py", line 942, in _send_handling_auth
    response = self._send_handling_redirects(
               ^^^^^^^^^^^^^^^^^^^^^^^^^^^^^^
  File "/home/gradientascent/miniforge3/envs/M-IFEval/lib/python3.11/site-packages/httpx/_client.py", line 979, in _send_handling_redirects
    response = self._send_single_request(request)
               ^^^^^^^^^^^^^^^^^^^^^^^^^^^^^^^^^^
  File "/home/gradientascent/miniforge3/envs/M-IFEval/lib/python3.11/site-packages/httpx/_client.py", line 1014, in _send_single_request
    response = transport.handle_request(request)
               ^^^^^^^^^^^^^^^^^^^^^^^^^^^^^^^^^
  File "/home/gradientascent/miniforge3/envs/M-IFEval/lib/python3.11/site-packages/httpx/_transports/default.py", line 249, in handle_request
    with map_httpcore_exceptions():
  File "/home/gradientascent/miniforge3/envs/M-IFEval/lib/python3.11/contextlib.py", line 158, in __exit__
    self.gen.throw(typ, value, traceback)
  File "/home/gradientascent/miniforge3/envs/M-IFEval/lib/python3.11/site-packages/httpx/_transports/default.py", line 118, in map_httpcore_exceptions
    raise mapped_exc(message) from exc
httpx.ConnectError: [Errno 111] Connection refused

The above exception was the direct cause of the following exception:

Traceback (most recent call last):
  File "/home/gradientascent/aiprojects/M-IFEval/get_responses.py", line 207, in get_single_response
    response = self.openai_client.chat.completions.create(**kwargs)
               ^^^^^^^^^^^^^^^^^^^^^^^^^^^^^^^^^^^^^^^^^^^^^^^^^^^^
  File "/home/gradientascent/miniforge3/envs/M-IFEval/lib/python3.11/site-packages/openai/_utils/_utils.py", line 279, in wrapper
    return func(*args, **kwargs)
           ^^^^^^^^^^^^^^^^^^^^^
  File "/home/gradientascent/miniforge3/envs/M-IFEval/lib/python3.11/site-packages/openai/resources/chat/completions.py", line 863, in create
    return self._post(
           ^^^^^^^^^^^
  File "/home/gradientascent/miniforge3/envs/M-IFEval/lib/python3.11/site-packages/openai/_base_client.py", line 1283, in post
    return cast(ResponseT, self.request(cast_to, opts, stream=stream, stream_cls=stream_cls))
                           ^^^^^^^^^^^^^^^^^^^^^^^^^^^^^^^^^^^^^^^^^^^^^^^^^^^^^^^^^^^^^^^^^
  File "/home/gradientascent/miniforge3/envs/M-IFEval/lib/python3.11/site-packages/openai/_base_client.py", line 960, in request
    return self._request(
           ^^^^^^^^^^^^^^
  File "/home/gradientascent/miniforge3/envs/M-IFEval/lib/python3.11/site-packages/openai/_base_client.py", line 1020, in _request
    return self._retry_request(
           ^^^^^^^^^^^^^^^^^^^^
  File "/home/gradientascent/miniforge3/envs/M-IFEval/lib/python3.11/site-packages/openai/_base_client.py", line 1098, in _retry_request
    return self._request(
           ^^^^^^^^^^^^^^
  File "/home/gradientascent/miniforge3/envs/M-IFEval/lib/python3.11/site-packages/openai/_base_client.py", line 1020, in _request
    return self._retry_request(
           ^^^^^^^^^^^^^^^^^^^^
  File "/home/gradientascent/miniforge3/envs/M-IFEval/lib/python3.11/site-packages/openai/_base_client.py", line 1098, in _retry_request
    return self._request(
           ^^^^^^^^^^^^^^
  File "/home/gradientascent/miniforge3/envs/M-IFEval/lib/python3.11/site-packages/openai/_base_client.py", line 1030, in _request
    raise APIConnectionError(request=request) from err
openai.APIConnectionError: Connection error.
================================================================================

================================================================================
API ERROR
Model: shisa-ai/shisa-v2-unphi4-14b-denoted-W8A8-INT8
Error: Connection error.
Error type: APIConnectionError
Prompt (first 200 chars): タイムトラベルをテーマにした短編小説を5文未満の文章で書いてください。
Full traceback:
Traceback (most recent call last):
  File "/home/gradientascent/miniforge3/envs/M-IFEval/lib/python3.11/site-packages/httpx/_transports/default.py", line 101, in map_httpcore_exceptions
    yield
  File "/home/gradientascent/miniforge3/envs/M-IFEval/lib/python3.11/site-packages/httpx/_transports/default.py", line 250, in handle_request
    resp = self._pool.handle_request(req)
           ^^^^^^^^^^^^^^^^^^^^^^^^^^^^^^
  File "/home/gradientascent/miniforge3/envs/M-IFEval/lib/python3.11/site-packages/httpcore/_sync/connection_pool.py", line 256, in handle_request
    raise exc from None
  File "/home/gradientascent/miniforge3/envs/M-IFEval/lib/python3.11/site-packages/httpcore/_sync/connection_pool.py", line 236, in handle_request
    response = connection.handle_request(
               ^^^^^^^^^^^^^^^^^^^^^^^^^^
  File "/home/gradientascent/miniforge3/envs/M-IFEval/lib/python3.11/site-packages/httpcore/_sync/connection.py", line 101, in handle_request
    raise exc
  File "/home/gradientascent/miniforge3/envs/M-IFEval/lib/python3.11/site-packages/httpcore/_sync/connection.py", line 78, in handle_request
    stream = self._connect(request)
             ^^^^^^^^^^^^^^^^^^^^^^
  File "/home/gradientascent/miniforge3/envs/M-IFEval/lib/python3.11/site-packages/httpcore/_sync/connection.py", line 124, in _connect
    stream = self._network_backend.connect_tcp(**kwargs)
             ^^^^^^^^^^^^^^^^^^^^^^^^^^^^^^^^^^^^^^^^^^^
  File "/home/gradientascent/miniforge3/envs/M-IFEval/lib/python3.11/site-packages/httpcore/_backends/sync.py", line 207, in connect_tcp
    with map_exceptions(exc_map):
  File "/home/gradientascent/miniforge3/envs/M-IFEval/lib/python3.11/contextlib.py", line 158, in __exit__
    self.gen.throw(typ, value, traceback)
  File "/home/gradientascent/miniforge3/envs/M-IFEval/lib/python3.11/site-packages/httpcore/_exceptions.py", line 14, in map_exceptions
    raise to_exc(exc) from exc
httpcore.ConnectError: [Errno 111] Connection refused

The above exception was the direct cause of the following exception:

Traceback (most recent call last):
  File "/home/gradientascent/miniforge3/envs/M-IFEval/lib/python3.11/site-packages/openai/_base_client.py", line 996, in _request
    response = self._client.send(
               ^^^^^^^^^^^^^^^^^^
  File "/home/gradientascent/miniforge3/envs/M-IFEval/lib/python3.11/site-packages/httpx/_client.py", line 914, in send
    response = self._send_handling_auth(
               ^^^^^^^^^^^^^^^^^^^^^^^^^
  File "/home/gradientascent/miniforge3/envs/M-IFEval/lib/python3.11/site-packages/httpx/_client.py", line 942, in _send_handling_auth
    response = self._send_handling_redirects(
               ^^^^^^^^^^^^^^^^^^^^^^^^^^^^^^
  File "/home/gradientascent/miniforge3/envs/M-IFEval/lib/python3.11/site-packages/httpx/_client.py", line 979, in _send_handling_redirects
    response = self._send_single_request(request)
               ^^^^^^^^^^^^^^^^^^^^^^^^^^^^^^^^^^
  File "/home/gradientascent/miniforge3/envs/M-IFEval/lib/python3.11/site-packages/httpx/_client.py", line 1014, in _send_single_request
    response = transport.handle_request(request)
               ^^^^^^^^^^^^^^^^^^^^^^^^^^^^^^^^^
  File "/home/gradientascent/miniforge3/envs/M-IFEval/lib/python3.11/site-packages/httpx/_transports/default.py", line 249, in handle_request
    with map_httpcore_exceptions():
  File "/home/gradientascent/miniforge3/envs/M-IFEval/lib/python3.11/contextlib.py", line 158, in __exit__
    self.gen.throw(typ, value, traceback)
  File "/home/gradientascent/miniforge3/envs/M-IFEval/lib/python3.11/site-packages/httpx/_transports/default.py", line 118, in map_httpcore_exceptions
    raise mapped_exc(message) from exc
httpx.ConnectError: [Errno 111] Connection refused

The above exception was the direct cause of the following exception:

Traceback (most recent call last):
  File "/home/gradientascent/aiprojects/M-IFEval/get_responses.py", line 207, in get_single_response
    response = self.openai_client.chat.completions.create(**kwargs)
               ^^^^^^^^^^^^^^^^^^^^^^^^^^^^^^^^^^^^^^^^^^^^^^^^^^^^
  File "/home/gradientascent/miniforge3/envs/M-IFEval/lib/python3.11/site-packages/openai/_utils/_utils.py", line 279, in wrapper
    return func(*args, **kwargs)
           ^^^^^^^^^^^^^^^^^^^^^
  File "/home/gradientascent/miniforge3/envs/M-IFEval/lib/python3.11/site-packages/openai/resources/chat/completions.py", line 863, in create
    return self._post(
           ^^^^^^^^^^^
  File "/home/gradientascent/miniforge3/envs/M-IFEval/lib/python3.11/site-packages/openai/_base_client.py", line 1283, in post
    return cast(ResponseT, self.request(cast_to, opts, stream=stream, stream_cls=stream_cls))
                           ^^^^^^^^^^^^^^^^^^^^^^^^^^^^^^^^^^^^^^^^^^^^^^^^^^^^^^^^^^^^^^^^^
  File "/home/gradientascent/miniforge3/envs/M-IFEval/lib/python3.11/site-packages/openai/_base_client.py", line 960, in request
    return self._request(
           ^^^^^^^^^^^^^^
  File "/home/gradientascent/miniforge3/envs/M-IFEval/lib/python3.11/site-packages/openai/_base_client.py", line 1020, in _request
    return self._retry_request(
           ^^^^^^^^^^^^^^^^^^^^
  File "/home/gradientascent/miniforge3/envs/M-IFEval/lib/python3.11/site-packages/openai/_base_client.py", line 1098, in _retry_request
    return self._request(
           ^^^^^^^^^^^^^^
  File "/home/gradientascent/miniforge3/envs/M-IFEval/lib/python3.11/site-packages/openai/_base_client.py", line 1020, in _request
    return self._retry_request(
           ^^^^^^^^^^^^^^^^^^^^
  File "/home/gradientascent/miniforge3/envs/M-IFEval/lib/python3.11/site-packages/openai/_base_client.py", line 1098, in _retry_request
    return self._request(
           ^^^^^^^^^^^^^^
  File "/home/gradientascent/miniforge3/envs/M-IFEval/lib/python3.11/site-packages/openai/_base_client.py", line 1030, in _request
    raise APIConnectionError(request=request) from err
openai.APIConnectionError: Connection error.
================================================================================

================================================================================
API ERROR
Model: shisa-ai/shisa-v2-unphi4-14b-denoted-W8A8-INT8
Error: Connection error.
Error type: APIConnectionError
Prompt (first 200 chars): [製品名]、[メーカー]、[価格]のようプレースホルダーを3個は含めた上で、新しいスマートフォンの製品レビューを書いてください。
Full traceback:
Traceback (most recent call last):
  File "/home/gradientascent/miniforge3/envs/M-IFEval/lib/python3.11/site-packages/httpx/_transports/default.py", line 101, in map_httpcore_exceptions
    yield
  File "/home/gradientascent/miniforge3/envs/M-IFEval/lib/python3.11/site-packages/httpx/_transports/default.py", line 250, in handle_request
    resp = self._pool.handle_request(req)
           ^^^^^^^^^^^^^^^^^^^^^^^^^^^^^^
  File "/home/gradientascent/miniforge3/envs/M-IFEval/lib/python3.11/site-packages/httpcore/_sync/connection_pool.py", line 256, in handle_request
    raise exc from None
  File "/home/gradientascent/miniforge3/envs/M-IFEval/lib/python3.11/site-packages/httpcore/_sync/connection_pool.py", line 236, in handle_request
    response = connection.handle_request(
               ^^^^^^^^^^^^^^^^^^^^^^^^^^
  File "/home/gradientascent/miniforge3/envs/M-IFEval/lib/python3.11/site-packages/httpcore/_sync/connection.py", line 101, in handle_request
    raise exc
  File "/home/gradientascent/miniforge3/envs/M-IFEval/lib/python3.11/site-packages/httpcore/_sync/connection.py", line 78, in handle_request
    stream = self._connect(request)
             ^^^^^^^^^^^^^^^^^^^^^^
  File "/home/gradientascent/miniforge3/envs/M-IFEval/lib/python3.11/site-packages/httpcore/_sync/connection.py", line 124, in _connect
    stream = self._network_backend.connect_tcp(**kwargs)
             ^^^^^^^^^^^^^^^^^^^^^^^^^^^^^^^^^^^^^^^^^^^
  File "/home/gradientascent/miniforge3/envs/M-IFEval/lib/python3.11/site-packages/httpcore/_backends/sync.py", line 207, in connect_tcp
    with map_exceptions(exc_map):
  File "/home/gradientascent/miniforge3/envs/M-IFEval/lib/python3.11/contextlib.py", line 158, in __exit__
    self.gen.throw(typ, value, traceback)
  File "/home/gradientascent/miniforge3/envs/M-IFEval/lib/python3.11/site-packages/httpcore/_exceptions.py", line 14, in map_exceptions
    raise to_exc(exc) from exc
httpcore.ConnectError: [Errno 111] Connection refused

The above exception was the direct cause of the following exception:

Traceback (most recent call last):
  File "/home/gradientascent/miniforge3/envs/M-IFEval/lib/python3.11/site-packages/openai/_base_client.py", line 996, in _request
    response = self._client.send(
               ^^^^^^^^^^^^^^^^^^
  File "/home/gradientascent/miniforge3/envs/M-IFEval/lib/python3.11/site-packages/httpx/_client.py", line 914, in send
    response = self._send_handling_auth(
               ^^^^^^^^^^^^^^^^^^^^^^^^^
  File "/home/gradientascent/miniforge3/envs/M-IFEval/lib/python3.11/site-packages/httpx/_client.py", line 942, in _send_handling_auth
    response = self._send_handling_redirects(
               ^^^^^^^^^^^^^^^^^^^^^^^^^^^^^^
  File "/home/gradientascent/miniforge3/envs/M-IFEval/lib/python3.11/site-packages/httpx/_client.py", line 979, in _send_handling_redirects
    response = self._send_single_request(request)
               ^^^^^^^^^^^^^^^^^^^^^^^^^^^^^^^^^^
  File "/home/gradientascent/miniforge3/envs/M-IFEval/lib/python3.11/site-packages/httpx/_client.py", line 1014, in _send_single_request
    response = transport.handle_request(request)
               ^^^^^^^^^^^^^^^^^^^^^^^^^^^^^^^^^
  File "/home/gradientascent/miniforge3/envs/M-IFEval/lib/python3.11/site-packages/httpx/_transports/default.py", line 249, in handle_request
    with map_httpcore_exceptions():
  File "/home/gradientascent/miniforge3/envs/M-IFEval/lib/python3.11/contextlib.py", line 158, in __exit__
    self.gen.throw(typ, value, traceback)
  File "/home/gradientascent/miniforge3/envs/M-IFEval/lib/python3.11/site-packages/httpx/_transports/default.py", line 118, in map_httpcore_exceptions
    raise mapped_exc(message) from exc
httpx.ConnectError: [Errno 111] Connection refused

The above exception was the direct cause of the following exception:

Traceback (most recent call last):
  File "/home/gradientascent/aiprojects/M-IFEval/get_responses.py", line 207, in get_single_response
    response = self.openai_client.chat.completions.create(**kwargs)
               ^^^^^^^^^^^^^^^^^^^^^^^^^^^^^^^^^^^^^^^^^^^^^^^^^^^^
  File "/home/gradientascent/miniforge3/envs/M-IFEval/lib/python3.11/site-packages/openai/_utils/_utils.py", line 279, in wrapper
    return func(*args, **kwargs)
           ^^^^^^^^^^^^^^^^^^^^^
  File "/home/gradientascent/miniforge3/envs/M-IFEval/lib/python3.11/site-packages/openai/resources/chat/completions.py", line 863, in create
    return self._post(
           ^^^^^^^^^^^
  File "/home/gradientascent/miniforge3/envs/M-IFEval/lib/python3.11/site-packages/openai/_base_client.py", line 1283, in post
    return cast(ResponseT, self.request(cast_to, opts, stream=stream, stream_cls=stream_cls))
                           ^^^^^^^^^^^^^^^^^^^^^^^^^^^^^^^^^^^^^^^^^^^^^^^^^^^^^^^^^^^^^^^^^
  File "/home/gradientascent/miniforge3/envs/M-IFEval/lib/python3.11/site-packages/openai/_base_client.py", line 960, in request
    return self._request(
           ^^^^^^^^^^^^^^
  File "/home/gradientascent/miniforge3/envs/M-IFEval/lib/python3.11/site-packages/openai/_base_client.py", line 1020, in _request
    return self._retry_request(
           ^^^^^^^^^^^^^^^^^^^^
  File "/home/gradientascent/miniforge3/envs/M-IFEval/lib/python3.11/site-packages/openai/_base_client.py", line 1098, in _retry_request
    return self._request(
           ^^^^^^^^^^^^^^
  File "/home/gradientascent/miniforge3/envs/M-IFEval/lib/python3.11/site-packages/openai/_base_client.py", line 1020, in _request
    return self._retry_request(
           ^^^^^^^^^^^^^^^^^^^^
  File "/home/gradientascent/miniforge3/envs/M-IFEval/lib/python3.11/site-packages/openai/_base_client.py", line 1098, in _retry_request
    return self._request(
           ^^^^^^^^^^^^^^
  File "/home/gradientascent/miniforge3/envs/M-IFEval/lib/python3.11/site-packages/openai/_base_client.py", line 1030, in _request
    raise APIConnectionError(request=request) from err
openai.APIConnectionError: Connection error.
================================================================================

================================================================================
API ERROR
Model: shisa-ai/shisa-v2-unphi4-14b-denoted-W8A8-INT8
Error: Connection error.
Error type: APIConnectionError
Prompt (first 200 chars): 未来の火星コロニーについての物語を書いてください。応答には少なくとも5個のプレースホルダーを含めてください。プレースホルダーは角括弧で囲まれて表されます。
Full traceback:
Traceback (most recent call last):
  File "/home/gradientascent/miniforge3/envs/M-IFEval/lib/python3.11/site-packages/httpx/_transports/default.py", line 101, in map_httpcore_exceptions
    yield
  File "/home/gradientascent/miniforge3/envs/M-IFEval/lib/python3.11/site-packages/httpx/_transports/default.py", line 250, in handle_request
    resp = self._pool.handle_request(req)
           ^^^^^^^^^^^^^^^^^^^^^^^^^^^^^^
  File "/home/gradientascent/miniforge3/envs/M-IFEval/lib/python3.11/site-packages/httpcore/_sync/connection_pool.py", line 256, in handle_request
    raise exc from None
  File "/home/gradientascent/miniforge3/envs/M-IFEval/lib/python3.11/site-packages/httpcore/_sync/connection_pool.py", line 236, in handle_request
    response = connection.handle_request(
               ^^^^^^^^^^^^^^^^^^^^^^^^^^
  File "/home/gradientascent/miniforge3/envs/M-IFEval/lib/python3.11/site-packages/httpcore/_sync/connection.py", line 101, in handle_request
    raise exc
  File "/home/gradientascent/miniforge3/envs/M-IFEval/lib/python3.11/site-packages/httpcore/_sync/connection.py", line 78, in handle_request
    stream = self._connect(request)
             ^^^^^^^^^^^^^^^^^^^^^^
  File "/home/gradientascent/miniforge3/envs/M-IFEval/lib/python3.11/site-packages/httpcore/_sync/connection.py", line 124, in _connect
    stream = self._network_backend.connect_tcp(**kwargs)
             ^^^^^^^^^^^^^^^^^^^^^^^^^^^^^^^^^^^^^^^^^^^
  File "/home/gradientascent/miniforge3/envs/M-IFEval/lib/python3.11/site-packages/httpcore/_backends/sync.py", line 207, in connect_tcp
    with map_exceptions(exc_map):
  File "/home/gradientascent/miniforge3/envs/M-IFEval/lib/python3.11/contextlib.py", line 158, in __exit__
    self.gen.throw(typ, value, traceback)
  File "/home/gradientascent/miniforge3/envs/M-IFEval/lib/python3.11/site-packages/httpcore/_exceptions.py", line 14, in map_exceptions
    raise to_exc(exc) from exc
httpcore.ConnectError: [Errno 111] Connection refused

The above exception was the direct cause of the following exception:

Traceback (most recent call last):
  File "/home/gradientascent/miniforge3/envs/M-IFEval/lib/python3.11/site-packages/openai/_base_client.py", line 996, in _request
    response = self._client.send(
               ^^^^^^^^^^^^^^^^^^
  File "/home/gradientascent/miniforge3/envs/M-IFEval/lib/python3.11/site-packages/httpx/_client.py", line 914, in send
    response = self._send_handling_auth(
               ^^^^^^^^^^^^^^^^^^^^^^^^^
  File "/home/gradientascent/miniforge3/envs/M-IFEval/lib/python3.11/site-packages/httpx/_client.py", line 942, in _send_handling_auth
    response = self._send_handling_redirects(
               ^^^^^^^^^^^^^^^^^^^^^^^^^^^^^^
  File "/home/gradientascent/miniforge3/envs/M-IFEval/lib/python3.11/site-packages/httpx/_client.py", line 979, in _send_handling_redirects
    response = self._send_single_request(request)
               ^^^^^^^^^^^^^^^^^^^^^^^^^^^^^^^^^^
  File "/home/gradientascent/miniforge3/envs/M-IFEval/lib/python3.11/site-packages/httpx/_client.py", line 1014, in _send_single_request
    response = transport.handle_request(request)
               ^^^^^^^^^^^^^^^^^^^^^^^^^^^^^^^^^
  File "/home/gradientascent/miniforge3/envs/M-IFEval/lib/python3.11/site-packages/httpx/_transports/default.py", line 249, in handle_request
    with map_httpcore_exceptions():
  File "/home/gradientascent/miniforge3/envs/M-IFEval/lib/python3.11/contextlib.py", line 158, in __exit__
    self.gen.throw(typ, value, traceback)
  File "/home/gradientascent/miniforge3/envs/M-IFEval/lib/python3.11/site-packages/httpx/_transports/default.py", line 118, in map_httpcore_exceptions
    raise mapped_exc(message) from exc
httpx.ConnectError: [Errno 111] Connection refused

The above exception was the direct cause of the following exception:

Traceback (most recent call last):
  File "/home/gradientascent/aiprojects/M-IFEval/get_responses.py", line 207, in get_single_response
    response = self.openai_client.chat.completions.create(**kwargs)
               ^^^^^^^^^^^^^^^^^^^^^^^^^^^^^^^^^^^^^^^^^^^^^^^^^^^^
  File "/home/gradientascent/miniforge3/envs/M-IFEval/lib/python3.11/site-packages/openai/_utils/_utils.py", line 279, in wrapper
    return func(*args, **kwargs)
           ^^^^^^^^^^^^^^^^^^^^^
  File "/home/gradientascent/miniforge3/envs/M-IFEval/lib/python3.11/site-packages/openai/resources/chat/completions.py", line 863, in create
    return self._post(
           ^^^^^^^^^^^
  File "/home/gradientascent/miniforge3/envs/M-IFEval/lib/python3.11/site-packages/openai/_base_client.py", line 1283, in post
    return cast(ResponseT, self.request(cast_to, opts, stream=stream, stream_cls=stream_cls))
                           ^^^^^^^^^^^^^^^^^^^^^^^^^^^^^^^^^^^^^^^^^^^^^^^^^^^^^^^^^^^^^^^^^
  File "/home/gradientascent/miniforge3/envs/M-IFEval/lib/python3.11/site-packages/openai/_base_client.py", line 960, in request
    return self._request(
           ^^^^^^^^^^^^^^
  File "/home/gradientascent/miniforge3/envs/M-IFEval/lib/python3.11/site-packages/openai/_base_client.py", line 1020, in _request
    return self._retry_request(
           ^^^^^^^^^^^^^^^^^^^^
  File "/home/gradientascent/miniforge3/envs/M-IFEval/lib/python3.11/site-packages/openai/_base_client.py", line 1098, in _retry_request
    return self._request(
           ^^^^^^^^^^^^^^
  File "/home/gradientascent/miniforge3/envs/M-IFEval/lib/python3.11/site-packages/openai/_base_client.py", line 1020, in _request
    return self._retry_request(
           ^^^^^^^^^^^^^^^^^^^^
  File "/home/gradientascent/miniforge3/envs/M-IFEval/lib/python3.11/site-packages/openai/_base_client.py", line 1098, in _retry_request
    return self._request(
           ^^^^^^^^^^^^^^
  File "/home/gradientascent/miniforge3/envs/M-IFEval/lib/python3.11/site-packages/openai/_base_client.py", line 1030, in _request
    raise APIConnectionError(request=request) from err
openai.APIConnectionError: Connection error.
================================================================================

================================================================================
API ERROR
Model: shisa-ai/shisa-v2-unphi4-14b-denoted-W8A8-INT8
Error: Connection error.
Error type: APIConnectionError
Prompt (first 200 chars): フランスの有名な観光地について、5個の箇条書きで説明してください。以下のような箇条書きの形を参考にしてください:
・一つめの内容
・二つめの内容
Full traceback:
Traceback (most recent call last):
  File "/home/gradientascent/miniforge3/envs/M-IFEval/lib/python3.11/site-packages/httpx/_transports/default.py", line 101, in map_httpcore_exceptions
    yield
  File "/home/gradientascent/miniforge3/envs/M-IFEval/lib/python3.11/site-packages/httpx/_transports/default.py", line 250, in handle_request
    resp = self._pool.handle_request(req)
           ^^^^^^^^^^^^^^^^^^^^^^^^^^^^^^
  File "/home/gradientascent/miniforge3/envs/M-IFEval/lib/python3.11/site-packages/httpcore/_sync/connection_pool.py", line 256, in handle_request
    raise exc from None
  File "/home/gradientascent/miniforge3/envs/M-IFEval/lib/python3.11/site-packages/httpcore/_sync/connection_pool.py", line 236, in handle_request
    response = connection.handle_request(
               ^^^^^^^^^^^^^^^^^^^^^^^^^^
  File "/home/gradientascent/miniforge3/envs/M-IFEval/lib/python3.11/site-packages/httpcore/_sync/connection.py", line 101, in handle_request
    raise exc
  File "/home/gradientascent/miniforge3/envs/M-IFEval/lib/python3.11/site-packages/httpcore/_sync/connection.py", line 78, in handle_request
    stream = self._connect(request)
             ^^^^^^^^^^^^^^^^^^^^^^
  File "/home/gradientascent/miniforge3/envs/M-IFEval/lib/python3.11/site-packages/httpcore/_sync/connection.py", line 124, in _connect
    stream = self._network_backend.connect_tcp(**kwargs)
             ^^^^^^^^^^^^^^^^^^^^^^^^^^^^^^^^^^^^^^^^^^^
  File "/home/gradientascent/miniforge3/envs/M-IFEval/lib/python3.11/site-packages/httpcore/_backends/sync.py", line 207, in connect_tcp
    with map_exceptions(exc_map):
  File "/home/gradientascent/miniforge3/envs/M-IFEval/lib/python3.11/contextlib.py", line 158, in __exit__
    self.gen.throw(typ, value, traceback)
  File "/home/gradientascent/miniforge3/envs/M-IFEval/lib/python3.11/site-packages/httpcore/_exceptions.py", line 14, in map_exceptions
    raise to_exc(exc) from exc
httpcore.ConnectError: [Errno 111] Connection refused

The above exception was the direct cause of the following exception:

Traceback (most recent call last):
  File "/home/gradientascent/miniforge3/envs/M-IFEval/lib/python3.11/site-packages/openai/_base_client.py", line 996, in _request
    response = self._client.send(
               ^^^^^^^^^^^^^^^^^^
  File "/home/gradientascent/miniforge3/envs/M-IFEval/lib/python3.11/site-packages/httpx/_client.py", line 914, in send
    response = self._send_handling_auth(
               ^^^^^^^^^^^^^^^^^^^^^^^^^
  File "/home/gradientascent/miniforge3/envs/M-IFEval/lib/python3.11/site-packages/httpx/_client.py", line 942, in _send_handling_auth
    response = self._send_handling_redirects(
               ^^^^^^^^^^^^^^^^^^^^^^^^^^^^^^
  File "/home/gradientascent/miniforge3/envs/M-IFEval/lib/python3.11/site-packages/httpx/_client.py", line 979, in _send_handling_redirects
    response = self._send_single_request(request)
               ^^^^^^^^^^^^^^^^^^^^^^^^^^^^^^^^^^
  File "/home/gradientascent/miniforge3/envs/M-IFEval/lib/python3.11/site-packages/httpx/_client.py", line 1014, in _send_single_request
    response = transport.handle_request(request)
               ^^^^^^^^^^^^^^^^^^^^^^^^^^^^^^^^^
  File "/home/gradientascent/miniforge3/envs/M-IFEval/lib/python3.11/site-packages/httpx/_transports/default.py", line 249, in handle_request
    with map_httpcore_exceptions():
  File "/home/gradientascent/miniforge3/envs/M-IFEval/lib/python3.11/contextlib.py", line 158, in __exit__
    self.gen.throw(typ, value, traceback)
  File "/home/gradientascent/miniforge3/envs/M-IFEval/lib/python3.11/site-packages/httpx/_transports/default.py", line 118, in map_httpcore_exceptions
    raise mapped_exc(message) from exc
httpx.ConnectError: [Errno 111] Connection refused

The above exception was the direct cause of the following exception:

Traceback (most recent call last):
  File "/home/gradientascent/aiprojects/M-IFEval/get_responses.py", line 207, in get_single_response
    response = self.openai_client.chat.completions.create(**kwargs)
               ^^^^^^^^^^^^^^^^^^^^^^^^^^^^^^^^^^^^^^^^^^^^^^^^^^^^
  File "/home/gradientascent/miniforge3/envs/M-IFEval/lib/python3.11/site-packages/openai/_utils/_utils.py", line 279, in wrapper
    return func(*args, **kwargs)
           ^^^^^^^^^^^^^^^^^^^^^
  File "/home/gradientascent/miniforge3/envs/M-IFEval/lib/python3.11/site-packages/openai/resources/chat/completions.py", line 863, in create
    return self._post(
           ^^^^^^^^^^^
  File "/home/gradientascent/miniforge3/envs/M-IFEval/lib/python3.11/site-packages/openai/_base_client.py", line 1283, in post
    return cast(ResponseT, self.request(cast_to, opts, stream=stream, stream_cls=stream_cls))
                           ^^^^^^^^^^^^^^^^^^^^^^^^^^^^^^^^^^^^^^^^^^^^^^^^^^^^^^^^^^^^^^^^^
  File "/home/gradientascent/miniforge3/envs/M-IFEval/lib/python3.11/site-packages/openai/_base_client.py", line 960, in request
    return self._request(
           ^^^^^^^^^^^^^^
  File "/home/gradientascent/miniforge3/envs/M-IFEval/lib/python3.11/site-packages/openai/_base_client.py", line 1020, in _request
    return self._retry_request(
           ^^^^^^^^^^^^^^^^^^^^
  File "/home/gradientascent/miniforge3/envs/M-IFEval/lib/python3.11/site-packages/openai/_base_client.py", line 1098, in _retry_request
    return self._request(
           ^^^^^^^^^^^^^^
  File "/home/gradientascent/miniforge3/envs/M-IFEval/lib/python3.11/site-packages/openai/_base_client.py", line 1020, in _request
    return self._retry_request(
           ^^^^^^^^^^^^^^^^^^^^
  File "/home/gradientascent/miniforge3/envs/M-IFEval/lib/python3.11/site-packages/openai/_base_client.py", line 1098, in _retry_request
    return self._request(
           ^^^^^^^^^^^^^^
  File "/home/gradientascent/miniforge3/envs/M-IFEval/lib/python3.11/site-packages/openai/_base_client.py", line 1030, in _request
    raise APIConnectionError(request=request) from err
openai.APIConnectionError: Connection error.
================================================================================

================================================================================
API ERROR
Model: shisa-ai/shisa-v2-unphi4-14b-denoted-W8A8-INT8
Error: Connection error.
Error type: APIConnectionError
Prompt (first 200 chars): アイルランドの伝統音楽とその歴史について、3文以上の文章で説明してください。
Full traceback:
Traceback (most recent call last):
  File "/home/gradientascent/miniforge3/envs/M-IFEval/lib/python3.11/site-packages/httpx/_transports/default.py", line 101, in map_httpcore_exceptions
    yield
  File "/home/gradientascent/miniforge3/envs/M-IFEval/lib/python3.11/site-packages/httpx/_transports/default.py", line 250, in handle_request
    resp = self._pool.handle_request(req)
           ^^^^^^^^^^^^^^^^^^^^^^^^^^^^^^
  File "/home/gradientascent/miniforge3/envs/M-IFEval/lib/python3.11/site-packages/httpcore/_sync/connection_pool.py", line 256, in handle_request
    raise exc from None
  File "/home/gradientascent/miniforge3/envs/M-IFEval/lib/python3.11/site-packages/httpcore/_sync/connection_pool.py", line 236, in handle_request
    response = connection.handle_request(
               ^^^^^^^^^^^^^^^^^^^^^^^^^^
  File "/home/gradientascent/miniforge3/envs/M-IFEval/lib/python3.11/site-packages/httpcore/_sync/connection.py", line 101, in handle_request
    raise exc
  File "/home/gradientascent/miniforge3/envs/M-IFEval/lib/python3.11/site-packages/httpcore/_sync/connection.py", line 78, in handle_request
    stream = self._connect(request)
             ^^^^^^^^^^^^^^^^^^^^^^
  File "/home/gradientascent/miniforge3/envs/M-IFEval/lib/python3.11/site-packages/httpcore/_sync/connection.py", line 124, in _connect
    stream = self._network_backend.connect_tcp(**kwargs)
             ^^^^^^^^^^^^^^^^^^^^^^^^^^^^^^^^^^^^^^^^^^^
  File "/home/gradientascent/miniforge3/envs/M-IFEval/lib/python3.11/site-packages/httpcore/_backends/sync.py", line 207, in connect_tcp
    with map_exceptions(exc_map):
  File "/home/gradientascent/miniforge3/envs/M-IFEval/lib/python3.11/contextlib.py", line 158, in __exit__
    self.gen.throw(typ, value, traceback)
  File "/home/gradientascent/miniforge3/envs/M-IFEval/lib/python3.11/site-packages/httpcore/_exceptions.py", line 14, in map_exceptions
    raise to_exc(exc) from exc
httpcore.ConnectError: [Errno 111] Connection refused

The above exception was the direct cause of the following exception:

Traceback (most recent call last):
  File "/home/gradientascent/miniforge3/envs/M-IFEval/lib/python3.11/site-packages/openai/_base_client.py", line 996, in _request
    response = self._client.send(
               ^^^^^^^^^^^^^^^^^^
  File "/home/gradientascent/miniforge3/envs/M-IFEval/lib/python3.11/site-packages/httpx/_client.py", line 914, in send
    response = self._send_handling_auth(
               ^^^^^^^^^^^^^^^^^^^^^^^^^
  File "/home/gradientascent/miniforge3/envs/M-IFEval/lib/python3.11/site-packages/httpx/_client.py", line 942, in _send_handling_auth
    response = self._send_handling_redirects(
               ^^^^^^^^^^^^^^^^^^^^^^^^^^^^^^
  File "/home/gradientascent/miniforge3/envs/M-IFEval/lib/python3.11/site-packages/httpx/_client.py", line 979, in _send_handling_redirects
    response = self._send_single_request(request)
               ^^^^^^^^^^^^^^^^^^^^^^^^^^^^^^^^^^
  File "/home/gradientascent/miniforge3/envs/M-IFEval/lib/python3.11/site-packages/httpx/_client.py", line 1014, in _send_single_request
    response = transport.handle_request(request)
               ^^^^^^^^^^^^^^^^^^^^^^^^^^^^^^^^^
  File "/home/gradientascent/miniforge3/envs/M-IFEval/lib/python3.11/site-packages/httpx/_transports/default.py", line 249, in handle_request
    with map_httpcore_exceptions():
  File "/home/gradientascent/miniforge3/envs/M-IFEval/lib/python3.11/contextlib.py", line 158, in __exit__
    self.gen.throw(typ, value, traceback)
  File "/home/gradientascent/miniforge3/envs/M-IFEval/lib/python3.11/site-packages/httpx/_transports/default.py", line 118, in map_httpcore_exceptions
    raise mapped_exc(message) from exc
httpx.ConnectError: [Errno 111] Connection refused

The above exception was the direct cause of the following exception:

Traceback (most recent call last):
  File "/home/gradientascent/aiprojects/M-IFEval/get_responses.py", line 207, in get_single_response
    response = self.openai_client.chat.completions.create(**kwargs)
               ^^^^^^^^^^^^^^^^^^^^^^^^^^^^^^^^^^^^^^^^^^^^^^^^^^^^
  File "/home/gradientascent/miniforge3/envs/M-IFEval/lib/python3.11/site-packages/openai/_utils/_utils.py", line 279, in wrapper
    return func(*args, **kwargs)
           ^^^^^^^^^^^^^^^^^^^^^
  File "/home/gradientascent/miniforge3/envs/M-IFEval/lib/python3.11/site-packages/openai/resources/chat/completions.py", line 863, in create
    return self._post(
           ^^^^^^^^^^^
  File "/home/gradientascent/miniforge3/envs/M-IFEval/lib/python3.11/site-packages/openai/_base_client.py", line 1283, in post
    return cast(ResponseT, self.request(cast_to, opts, stream=stream, stream_cls=stream_cls))
                           ^^^^^^^^^^^^^^^^^^^^^^^^^^^^^^^^^^^^^^^^^^^^^^^^^^^^^^^^^^^^^^^^^
  File "/home/gradientascent/miniforge3/envs/M-IFEval/lib/python3.11/site-packages/openai/_base_client.py", line 960, in request
    return self._request(
           ^^^^^^^^^^^^^^
  File "/home/gradientascent/miniforge3/envs/M-IFEval/lib/python3.11/site-packages/openai/_base_client.py", line 1020, in _request
    return self._retry_request(
           ^^^^^^^^^^^^^^^^^^^^
  File "/home/gradientascent/miniforge3/envs/M-IFEval/lib/python3.11/site-packages/openai/_base_client.py", line 1098, in _retry_request
    return self._request(
           ^^^^^^^^^^^^^^
  File "/home/gradientascent/miniforge3/envs/M-IFEval/lib/python3.11/site-packages/openai/_base_client.py", line 1020, in _request
    return self._retry_request(
           ^^^^^^^^^^^^^^^^^^^^
  File "/home/gradientascent/miniforge3/envs/M-IFEval/lib/python3.11/site-packages/openai/_base_client.py", line 1098, in _retry_request
    return self._request(
           ^^^^^^^^^^^^^^
  File "/home/gradientascent/miniforge3/envs/M-IFEval/lib/python3.11/site-packages/openai/_base_client.py", line 1030, in _request
    raise APIConnectionError(request=request) from err
openai.APIConnectionError: Connection error.
================================================================================

================================================================================
API ERROR
Model: shisa-ai/shisa-v2-unphi4-14b-denoted-W8A8-INT8
Error: Connection error.
Error type: APIConnectionError
Prompt (first 200 chars): 『ドラゴンボール』の主要キャラクターについて、7個の箇条書きで応答を作成してください。
Full traceback:
Traceback (most recent call last):
  File "/home/gradientascent/miniforge3/envs/M-IFEval/lib/python3.11/site-packages/httpx/_transports/default.py", line 101, in map_httpcore_exceptions
    yield
  File "/home/gradientascent/miniforge3/envs/M-IFEval/lib/python3.11/site-packages/httpx/_transports/default.py", line 250, in handle_request
    resp = self._pool.handle_request(req)
           ^^^^^^^^^^^^^^^^^^^^^^^^^^^^^^
  File "/home/gradientascent/miniforge3/envs/M-IFEval/lib/python3.11/site-packages/httpcore/_sync/connection_pool.py", line 256, in handle_request
    raise exc from None
  File "/home/gradientascent/miniforge3/envs/M-IFEval/lib/python3.11/site-packages/httpcore/_sync/connection_pool.py", line 236, in handle_request
    response = connection.handle_request(
               ^^^^^^^^^^^^^^^^^^^^^^^^^^
  File "/home/gradientascent/miniforge3/envs/M-IFEval/lib/python3.11/site-packages/httpcore/_sync/connection.py", line 101, in handle_request
    raise exc
  File "/home/gradientascent/miniforge3/envs/M-IFEval/lib/python3.11/site-packages/httpcore/_sync/connection.py", line 78, in handle_request
    stream = self._connect(request)
             ^^^^^^^^^^^^^^^^^^^^^^
  File "/home/gradientascent/miniforge3/envs/M-IFEval/lib/python3.11/site-packages/httpcore/_sync/connection.py", line 124, in _connect
    stream = self._network_backend.connect_tcp(**kwargs)
             ^^^^^^^^^^^^^^^^^^^^^^^^^^^^^^^^^^^^^^^^^^^
  File "/home/gradientascent/miniforge3/envs/M-IFEval/lib/python3.11/site-packages/httpcore/_backends/sync.py", line 207, in connect_tcp
    with map_exceptions(exc_map):
  File "/home/gradientascent/miniforge3/envs/M-IFEval/lib/python3.11/contextlib.py", line 158, in __exit__
    self.gen.throw(typ, value, traceback)
  File "/home/gradientascent/miniforge3/envs/M-IFEval/lib/python3.11/site-packages/httpcore/_exceptions.py", line 14, in map_exceptions
    raise to_exc(exc) from exc
httpcore.ConnectError: [Errno 111] Connection refused

The above exception was the direct cause of the following exception:

Traceback (most recent call last):
  File "/home/gradientascent/miniforge3/envs/M-IFEval/lib/python3.11/site-packages/openai/_base_client.py", line 996, in _request
    response = self._client.send(
               ^^^^^^^^^^^^^^^^^^
  File "/home/gradientascent/miniforge3/envs/M-IFEval/lib/python3.11/site-packages/httpx/_client.py", line 914, in send
    response = self._send_handling_auth(
               ^^^^^^^^^^^^^^^^^^^^^^^^^
  File "/home/gradientascent/miniforge3/envs/M-IFEval/lib/python3.11/site-packages/httpx/_client.py", line 942, in _send_handling_auth
    response = self._send_handling_redirects(
               ^^^^^^^^^^^^^^^^^^^^^^^^^^^^^^
  File "/home/gradientascent/miniforge3/envs/M-IFEval/lib/python3.11/site-packages/httpx/_client.py", line 979, in _send_handling_redirects
    response = self._send_single_request(request)
               ^^^^^^^^^^^^^^^^^^^^^^^^^^^^^^^^^^
  File "/home/gradientascent/miniforge3/envs/M-IFEval/lib/python3.11/site-packages/httpx/_client.py", line 1014, in _send_single_request
    response = transport.handle_request(request)
               ^^^^^^^^^^^^^^^^^^^^^^^^^^^^^^^^^
  File "/home/gradientascent/miniforge3/envs/M-IFEval/lib/python3.11/site-packages/httpx/_transports/default.py", line 249, in handle_request
    with map_httpcore_exceptions():
  File "/home/gradientascent/miniforge3/envs/M-IFEval/lib/python3.11/contextlib.py", line 158, in __exit__
    self.gen.throw(typ, value, traceback)
  File "/home/gradientascent/miniforge3/envs/M-IFEval/lib/python3.11/site-packages/httpx/_transports/default.py", line 118, in map_httpcore_exceptions
    raise mapped_exc(message) from exc
httpx.ConnectError: [Errno 111] Connection refused

The above exception was the direct cause of the following exception:

Traceback (most recent call last):
  File "/home/gradientascent/aiprojects/M-IFEval/get_responses.py", line 207, in get_single_response
    response = self.openai_client.chat.completions.create(**kwargs)
               ^^^^^^^^^^^^^^^^^^^^^^^^^^^^^^^^^^^^^^^^^^^^^^^^^^^^
  File "/home/gradientascent/miniforge3/envs/M-IFEval/lib/python3.11/site-packages/openai/_utils/_utils.py", line 279, in wrapper
    return func(*args, **kwargs)
           ^^^^^^^^^^^^^^^^^^^^^
  File "/home/gradientascent/miniforge3/envs/M-IFEval/lib/python3.11/site-packages/openai/resources/chat/completions.py", line 863, in create
    return self._post(
           ^^^^^^^^^^^
  File "/home/gradientascent/miniforge3/envs/M-IFEval/lib/python3.11/site-packages/openai/_base_client.py", line 1283, in post
    return cast(ResponseT, self.request(cast_to, opts, stream=stream, stream_cls=stream_cls))
                           ^^^^^^^^^^^^^^^^^^^^^^^^^^^^^^^^^^^^^^^^^^^^^^^^^^^^^^^^^^^^^^^^^
  File "/home/gradientascent/miniforge3/envs/M-IFEval/lib/python3.11/site-packages/openai/_base_client.py", line 960, in request
    return self._request(
           ^^^^^^^^^^^^^^
  File "/home/gradientascent/miniforge3/envs/M-IFEval/lib/python3.11/site-packages/openai/_base_client.py", line 1020, in _request
    return self._retry_request(
           ^^^^^^^^^^^^^^^^^^^^
  File "/home/gradientascent/miniforge3/envs/M-IFEval/lib/python3.11/site-packages/openai/_base_client.py", line 1098, in _retry_request
    return self._request(
           ^^^^^^^^^^^^^^
  File "/home/gradientascent/miniforge3/envs/M-IFEval/lib/python3.11/site-packages/openai/_base_client.py", line 1020, in _request
    return self._retry_request(
           ^^^^^^^^^^^^^^^^^^^^
  File "/home/gradientascent/miniforge3/envs/M-IFEval/lib/python3.11/site-packages/openai/_base_client.py", line 1098, in _retry_request
    return self._request(
           ^^^^^^^^^^^^^^
  File "/home/gradientascent/miniforge3/envs/M-IFEval/lib/python3.11/site-packages/openai/_base_client.py", line 1030, in _request
    raise APIConnectionError(request=request) from err
openai.APIConnectionError: Connection error.
================================================================================
